------------------
	982578	_D3std9algorithm94__T23optimisácInserùonSoñS59€„¯10func€„•al31€ƒ±9binaryFunVAyaa5_61203cÙ62Z€ŠœTAgZ€™ÛF€ƒv
	915120	_D3std9algorithm78__T8isSortedS593std10functional31__T9binaryFunVAyaa5_61203c2062Z9binaryFunTAgZ8isSortedFAgZb4predMFggZb
	10422928	_D3std9algorithm42__T13SetDifferenceVAyaa5_61203c2062TAgTAgZ13SetDifference14adjustPositionMFZv
_D3std10functional31__T9binaryFunVAyaa5_61203c2062Z18__T9binaryFunTgTgZ9binaryFunFNaNbNfggZb	12320626	1742486	1742486
------------------
	2864460	_D3std9algorithm40__T10startsWithVAyaa6_61203d3d2062TAgTgZ10startsWithFAggZb
_D3std10functional33__T9binaryFunVAyaa6_61203d3d2062Z18__T9binaryFunTgTgZ9binaryFunFNaNbNfggZb	2864460	474173	474173
------------------
	   18	_D3std9algorithm34__T4findVAyaa6_61203d3d2062TAyaTaZ4findFAyaaZAya
_D3std10functional33__T9binaryFunVAyaa6_61203d3d2062Z18__T9binaryFunTwTaZ9binaryFunFNaNbNfwaZb	18	3	3
------------------
	    6	_D3std5array14__T5frontTAxaZ5frontFNdAxaZw
_D3std3utf15__T6decodeTAxaZ6decodeFNaNexAaKkZw	6	2	2
------------------
	   18	_D3std5array14__T5frontTAyaZ5frontFNdAyaZw
_D3std3utf15__T6decodeTAyaZ6decodeFNaNexAyaKkZw	18	3	3
------------------
	    2	_D3std6format18__T10FormatSpecTaZ10FormatSpec6fillUpMFZv
_D3std4conv16__T5parseTiTAxaZ5parseFKAxaZi	2	7	1
	    8	_D3std5array12__T5emptyTaZ5emptyFNaNbNdNfxAaZb
	    6	_D3std5array14__T5frontTAxaZ5frontFNdAxaZw
	    4	_D3std5array17__T8popFrontTAxaZ8popFrontFNaNbNeKAxaZv
------------------
	    2	_D3std5stdio4File18__T5writeTAyaTkTaZ5writeMFAyakaZv
	    2	_D3std5stdio4File24__T5writeTAyaTkTAyaTdTaZ5writeMFAyakAyadaZv
_D3std4conv55__T11toTextRangeTkTS3std5stdio4File17LockingTextWriterZ11toTextRangeFkS3std5stdio4File17LockingTextWriterZv	4	5	2
	    2	_D3std5range47__T3putTS3std5stdio4File17LockingTextWriterTyaZ3putFKS3std5stdio4File17LockingTextWriteryaZv
	    2	_D3std5range47__T3putTS3std5stdio4File17LockingTextWriterTAaZ3putFKS3std5stdio4File17LockingTextWriterAaZv
------------------
	   14	_D3std6format18__T10F€…SpecTaZ€Œ62€„ 7writeUpToNex€†§S€„Å5array16€ƒ¤8AppenderTAaZ€‰Z€“»MF€§¼b
	    2	_D3std6format18__T10F€…SpecTaZ€Œ63€„ 7writeUpToNex€†§S€„Å5array17€ƒ¤8AppenderTAyaZ€‰Z€“¼MF€¨½b
	    2	_D3std5array17__T8AppenderTAyaZ8Appender12__T3putTAxaZ3putMFAxaZv
	    8	_D3std4conv16__T5parseTiTAxaZ5parseFKAxaZi
	    4	_D3std6format18__T10F€…SpecTaZ€Œ59€„ 7writeUpToNex€†§S€„Å5Úio4File17LockingT€ƒ¢W€„¯rZ€“¸MF€¤¹b
	   18	_D3std9algorithm34__T4findVAyaa6_61203d3d2062TAyaTaZ4findFAyaaZAya
_D3std5array12__T5emptyTaZ5emptyFNaNbNdNfxAaZb	48	5	5
------------------
	1525200	_D3std9algorithm78__T8isSortedS593std10functional31__T9binaryFunVAyaa5_61203c2062Z9binaryFunTAgZ2ECFE50D39EB1617AF1277570B7C4278
	305040	_D3std9algorithm78__T8isSortedS593std10functional31__T9binaryFunVAyaa5_61203c2062Z9binaryFunTAgZ8isSortedFAgZb
	25623360	_D3std9algorithm42__T13SetDifferenceVAyaa5_61203c2062TAgTAgZ13SetDifference14adjustPositionMFZv
	15862080	_D3std9algorithm42__T13SetDifferenceVAyaa5_61203c2062TAgTAgZ13SetDifference5emptyMFNdZb
	2864460	_D3std9algorithm40__T10countUntilVAyaa6_61203d3d2062TAgTgZ10countUntilFAggZi
	2864460	_D3std9algorithm40__T10startsWithVAyaa6_61203d3d2062TAgTgZ10startsWithFAggZb
_D3std5array12__T5emptyTgZ5emptyFNaNbNdNfxAgZb	49044600	7020792	7020792
------------------
	1830240	_D3std9algorithm78__T8isSortedS593std10functional31__T9binaryFunVAyaa5_61203c2062Z9binaryFunTAgZ2ECFE50D39EB1617AF1277570B7C4278
	20845856	_D3std9algorithm42__T13SetDifferenceVAyaa5_61203c2062TAgTAgZ13SetDifference14adjustPositionMFZv
	7320960	_D3std9algorithm42__T13SetDifferenceVAyaa5_61203c2062TAgTAgZ13SetDifference5frontMFNdZg
	2864460	_D3std9algorithm40__T10startsWithVAyaa6_61203d3d2062TAgTgZ10startsWithFAggZb
_D3std5array12__T5frontTgZ5frontFNcNdAgZg	32861516	5464867	5464867
------------------
	    6	_D3std4conv16__T5parseTiTAxaZ5parseFKAxaZi
_D3std5array14__T5frontTAxaZ5frontFNdAxaZw	6	3	1
	    6	_D3std3utf15__T6decodeTAxaZ6decodeFNaNexAaKkZw
------------------
	   18	_D3std9algorithm34__T4findVAyaa6_61203d3d2062TAyaTaZ4findFAyaaZAya
_D3std5array14__T5frontTAyaZ5frontFNdAyaZw	18	7	4
	   18	_D3std3utf15__T6decodeTAyaZ6decodeFNaNexAyaKkZw
------------------
	    2	_D3std5array16__T8AppenderTAaZ8Appender13ensureAddableMFkZv
_D3std5array16__T8AppenderTAaZ8Appender11newCapacityFkZk	2	2	2
------------------
	   28	_D3std5range51__T3putTS3std5array16__T8AppenderTAaZ8AppenderTAxaZ3putFKS3std5array16__T8AppenderTAaZ8AppenderAxaZv
_D3std5array16__T8AppenderTAaZ8Appender12__T3putTAxaZ3putMFAxaZv	28	24	11
	   28	_D3std5array16__T8AppenderTAaZ8Appender13ensureAddableMFkZv
------------------
	   28	_D3std5array16__T8AppenderTAaZ8Appender12__T3putTAxaZ3putMFAxaZv
_D3std5array16__T8AppenderTAaZ8Appender13ensureAddableMFkZv	28	13	11
	    2	_D3std5array16__T8AppenderTAaZ8Appender11newCapacityFkZk
------------------
	    6	_D3std6format18__T10FormatSpecTaZ10FormatSpec14__unittest1932FZv
	    6	= Timer Is 1688623 Ticks/Sec, Times are in Microsecs ========
_D3std5array16__T8AppenderTAaZ8Appender4dataMNgFNdZANga	12	2	2
------------------
	    3	_D3std6format18__T10FormatSpecTaZ10FormatSpec14__unittest1932FZv
	    3	= Timer Is 1688623 Ticks/Sec, Times are in Microsecs ========
_D3std5array16__T8AppenderTAaZ8Appender5clearMFZv	6	0	0
------------------
	    2	_D3std5array18__T8appenderTAaTaZ8appenderFAaZS3std5array16__T8AppenderTAaZ8Appender
_D3std5array16__T8AppenderTAaZ8Appender6__ctorMFAaZS3std5array16__T8AppenderTAaZ8Appender	2	36	27
	    2	_D6object15__T8capacityTaZ8capacityFNaNbNdAaZk
------------------
	2135280	_D3std9algorithm78__T8isSortedS593std10functional31__T9binaryFunVAyaa5_61203c2062Z9binaryFunTAgZ2ECFE50D39EB1617AF1277570B7C4278
	9761280	_D3std9algorithm42__T13SetDifferenceVAyaa5_61203c2062TAgTAgZ13SetDifference14adjustPositionMFZv
	7320960	_D3std9algorithm42__T13SetDifferenceVAyaa5_61203c2062TAgTAgZ13SetDifference8popFrontMFZv
	1718676	_D3std9algorithm40__T10countUntilVAyaa6_61203d3d2062TAgTgZ10countUntilFAggZi
_D3std5array16__T8popFrontTAgZ8popFrontFKAgZv	20936196	3155894	3155894
------------------
	    4	_D3std5range50__T3putTS3std5array17__T8AppenderTAyaZ8AppenderTaZ3putFKS3std5array17__T8AppenderTAyaZ8AppenderaZv
_D3std5array17__T8AppenderTAyaZ8Appender10__T3putTaZ3putMFaZv	4	7	1
	    4	_D3std5array17__T8AppenderTAyaZ8Appender13ensureAddableMFkZv
------------------
	    2	_D3std5range51__T3putTS3std5array17__T8AppenderTAyaZ8AppenderTAaZ3putFKS3std5array17__T8AppenderTAyaZ8AppenderAaZv
_D3std5array17__T8AppenderTAyaZ8Appender11__T3putTAaZ3putMFAaZv	2	2	0
	    2	_D3std5array17__T8AppenderTAyaZ8Appender13ensureAddableMFkZv
------------------
	    2	_D3std5range51__T3putTS3std5array17__T8AppenderTAyaZ8AppenderTxaZ3putFKS3std5array17__T8AppenderTAyaZ8AppenderxaZv
_D3std5array17__T8AppenderTAyaZ8Appender11__T3putTxaZ3putMFxaZv	2	1	1
	    2	_D3std5array17__T8AppenderTAyaZ8Appender13ensureAddableMFkZv
------------------
	    2	_D3std5array17__T8AppenderTAyaZ8Appender13ensureAddableMFkZv
_D3std5array17__T8AppenderTAyaZ8Appender11newCapacityFkZk	2	2	2
------------------
	    2	_D3std5range52__T3putTS3std5array17__T8AppenderTAyaZ8AppenderTAxaZ3putFKS3std5array17__T8AppenderTAyaZ8AppenderAxaZv
_D3std5array17__T8AppenderTAyaZ8Appender12__T3putTAxaZ3putMFAxaZv	2	1	0
	    2	_D3std5array12__T5emptyTaZ5emptyFNaNbNdNfxAaZb
------------------
	    4	_D3std5array17__T8AppenderTAyaZ8Appender10__T3putTaZ3putMFaZv
	    2	_D3std5array17__T8AppenderTAyaZ8Appender11__T3putTAaZ3putMFAaZv
	    2	_D3std5array17__T8AppenderTAyaZ8Appender11__T3putTxaZ3putMFxaZv
_D3std5array17__T8AppenderTAyaZ8Appender13ensureAddableMFkZv	8	8	6
	    2	_D3std5array17__T8AppenderTAyaZ8Appender11newCapacityFkZk
------------------
	    2	_D3std6format18__T10FormatSpecTaZ10FormatSpec12getCurFmtStrMxFZAya
_D3std5array17__T8AppenderTAyaZ8Appender4dataMNgFNdZAya	2	0	0
------------------
	    4	_D3std5array20__T8appenderTAyaTyaZ8appenderFAyaZS3std5array17__T8AppenderTAyaZ8Appender
_D3std5array17__T8AppenderTAyaZ8Appender6__ctorMFAyaZS3std5array17__T8AppenderTAyaZ8Appender	4	38	32
	    4	_D6object16__T8capacityTyaZ8capacityFNaNbNdAyaZk
------------------
	    4	_D3std4conv16__T5parseTiTAxaZ5parseFKAxaZi
_D3std5array17__T8popFrontTAxaZ8popFrontFNaNbNeKAxaZv	4	2	2
------------------
	   16	_D3std9algorithm34__T4findVAyaa6_61203d3d2062TAyaTaZ4findFAyaaZAya
_D3std5array17__T8popFrontTAyaZ8popFrontFNaNbNeKAyaZv	16	3	3
------------------
	    1	_D3std6format18__T10FormatSpecTaZ10FormatSpec14__unittest1932FZv
	    1	= Timer Is 1688623 Ticks/Sec, Times are in Microsecs ========
_D3std5array18__T8appenderTAaTaZ8appenderFAaZS3std5array16__T8AppenderTAaZ8Appender	2	36	0
	    2	_D3std5array16__T8AppenderTAaZ8Appender6__ctorMFAaZS3std5array16__T8AppenderTAaZ8Appender
------------------
	    1	_D3std6format18__T10FormatSpecTaZ10FormatSpec14__unittest1933FZv
	    2	_D3std6format18__T10FormatSpecTaZ10FormatSpec12getCurFmtStrMxFZAya
	    1	= Timer Is 1688623 Ticks/Sec, Times are in Microsecs ========
_D3std5array20__T8appenderTAyaTyaZ8appenderFAyaZS3std5array17__T8AppenderTAyaZ8Appender	4	39	1
	    4	_D3std5array17__T8AppenderTAyaZ8Appender6__ctorMFAyaZS3std5array17__T8AppenderTAyaZ8Appender
------------------
	152520	_D3std5range38__T12assumeSortedVAyaa5_61203cÙ62TAgZ€£F€ƒ’S€‹Å7€„Å1€†œR€„’€ƒ³€‘ÇZ€¢
|ã#	152520	0	0
------------------
	152520	_D3std5range38__T12assumeSortedVAyaa5_61203cÙ62TAgZ€£F€ƒ’S€‹Å7€„Å1€†œR€„’€ƒ³€‘ÇZ€¢
_D3std5range37__T11SortedR€„’TAgVAyaa5_61203cÙ62Z€¢6__ctorMFAgZS€¾Ë	152520	21830	21830
------------------
	152520	_D3std9algorithm60__T4sortVAyaa5_61203cÙ62VE€«12SwapStrategy0TAgZ€…¹F€ƒ‰S€„«5range37€ƒÒ11S€ƒšedR€„’€ƒª€‘İZ€¢
|ã#	152520	0	0
	152520	_D3std5range37__T11SortedR€„’TAgVAyaa5_61203cÙ62Z€¢6__ctorMFAgZS€¾Ë
------------------
	152520	_D3std9algorithm60__T4sortVAyaa5_61203cÙ62VE€«12SwapStrategy0TAgZ€…¹F€ƒ‰S€„«5range37€ƒÒ11S€ƒšedR€„’€ƒª€‘İZ€¢
_D3std5range38__T12assumeSortedVAyaa5_61203cÙ62TAgZ€£F€ƒ’S€‹Å7€„Å1€†œR€„’€ƒ³€‘ÇZ€¢	152520	64131	42301
	152520	_D3std5range37__T11SortedR€„’TAgVAyaa5_61203cÙ62Z€¢6__ctorMFAgZS€¾Ë
------------------
	    2	_D3std5stdio4File18__T5writeTAyaTkTaZ5writeMFAyakaZv
	    2	_D3std5stdio4File24__T5writeTAyaTkTAyaTdTaZ5writeMFAyakAyadaZv
_D3std5range46__T3putTS3std5stdio4File17LockingTextWriterTaZ3putFKS3std5stdio4File17LockingTextWriteraZv	4	1	1
	    4	_D3std5stdio4File17LockingTextWriter10__T3putTaZ3putMFaZv
------------------
	    2	_D3std4conv55__T11toTextRangeTkTS3std5stdio4File17LockingTextWriterZ11toTextRangeFkS3std5stdio4File17LockingTextWriterZv
	    2	_D3std6format57__T11€†ValueTS€„Ÿ5Úio4File17LockingTextWriterTdTaZ€¶F€£¶dK€…¥€‡ú18€„ú0F€…Spec€„Ó€‹Zv
_D3std5range47__T3putTS3std5stdio4File17LockingTextWriterTAaZ3putFKS3std5stdio4File17LockingTextWriterAaZv	4	2	2
	    4	_D3std5stdio4File17LockingTextWriter11__T3putTAaZ3putMFAaZv
------------------
	    2	_D3std4conv55__T11toTextRangeTkTS3std5stdio4File17LockingTextWriterZ11toTextRangeFkS3std5stdio4File17LockingTextWriterZv
_D3std5range47__T3putTS3std5stdio4File17LockingTextWriterTyaZ3putFKS3std5stdio4File17LockingTextWriteryaZv	2	1	0
	    2	_D3std5stdio4File17LockingTextWriter11__T3putTyaZ3putMFyaZv
------------------
	    2	_D3std6format18__T10F€…SpecTaZ€Œ59€„ 7writeUpToNex€†§S€„Å5Úio4File17LockingT€ƒ¢W€„¯rZ€“¸MF€¤¹b
_D3std5range48__T3putTS3std5stdio4File17LockingTextWriterTAxaZ3putFKS3std5stdio4File17LockingTextWriterAxaZv	2	1	1
	    2	_D3std5stdio4File17LockingTextWriter12__T3putTAxaZ3putMFAxaZv
------------------
	    2	_D3std5stdio4File18__T5writeTAyaTkTaZ5writeMFAyakaZv
	    4	_D3std5stdio4File24__T5writeTAyaTkTAyaTdTaZ5writeMFAyakAyadaZv
_D3std5range48__T3putTS3std5stdio4File17LockingTextWriterTAyaZ3putFKS3std5stdio4File17LockingTextWriterAyaZv	6	66	2
	    6	_D3std5stdio4File17LockingTextWriter12__T3putTAyaZ3putMFAyaZv
------------------
	    4	_D3std6format18__T10FormatSpecTaZ10FormatSpec12getCurFmtStrMxFZAya
_D3std5range50__T3putTS3std5array17__T8AppenderTAyaZ8AppenderTaZ3putFKS3std5array17__T8AppenderTAyaZ8AppenderaZv	4	8	1
	    4	_D3std5array17__T8AppenderTAyaZ8Appender10__T3putTaZ3putMFaZv
------------------
	   28	_D3std6format18__T10F€…SpecTaZ€Œ62€„ 7writeUpToNex€†§S€„Å5array16€ƒ¤8AppenderTAaZ€‰Z€“»MF€§¼b
_D3std5range51__T3putTS3std5array16__T8AppenderTAaZ8AppenderTAxaZ3putFKS3std5array16__T8AppenderTAaZ8AppenderAxaZv	28	37	13
	   28	_D3std5array16__T8AppenderTAaZ8Appender12__T3putTAxaZ3putMFAxaZv
------------------
	    2	_D3std6format62__T14€†UnsignedTS€„¢5array17€ƒ¡8AppenderTAyaZ€ŠaZ€»F€§»mK€…©‡†18„†0F€…Spec€„Ú€‹kbZv
_D3std5range51__T3putTS3std5array17__T8AppenderTAyaZ8AppenderTAaZ3putFKS3std5array17__T8AppenderTAyaZ8AppenderAaZv	2	2	0
	    2	_D3std5array17__T8AppenderTAyaZ8Appender11__T3putTAaZ3putMFAaZv
------------------
	    2	_D3std6format18__T10FormatSpecTaZ10FormatSpec12getCurFmtStrMxFZAya
_D3std5range51__T3putTS3std5array17__T8AppenderTAyaZ8AppenderTxaZ3putFKS3std5array17__T8AppenderTAyaZ8AppenderxaZv	2	2	1
	    2	_D3std5array17__T8AppenderTAyaZ8Appender11__T3putTxaZ3putMFxaZv
------------------
	    2	_D3std6format18__T10F€…SpecTaZ€Œ63€„ 7writeUpToNex€†§S€„Å5array17€ƒ¤8AppenderTAyaZ€‰Z€“¼MF€¨½b
_D3std5range52__T3putTS3std5array17__T8AppenderTAyaZ8AppenderTAxaZ3putFKS3std5array17__T8AppenderTAyaZ8AppenderAxaZv	2	2	1
	    2	_D3std5array17__T8AppenderTAyaZ8Appender12__T3putTAxaZ3putMFAxaZv
------------------
	    2	_D6Master10MasterUtil12__T1dTAyaTkZ1dFAyakZv
_D3std5stdio18__T7writelnTAyaTkZ7writelnFAyakZv	2	112	0
	    2	_D3std5stdio4File18__T5writeTAyaTkTaZ5writeMFAyakaZv
------------------
	    2	_D6Master10MasterUtil18__T1dTAyaTkTAyaTdZ1dFAyakAyadZv
_D3std5stdio24__T7writelnTAyaTkTAyaTdZ7writelnFAyakAyadZv	2	116	1
	    2	_D3std5stdio4File24__T5writeTAyaTkTAyaTdTaZ5writeMFAyakAyadaZv
------------------
	    4	_D3std5range46__T3putTS3std5stdio4File17LockingTextWriterTaZ3putFKS3std5stdio4File17LockingTextWriteraZv
_D3std5stdio4File17LockingTextWriter10__T3putTaZ3putMFaZv	4	0	0
------------------
	    4	_D3std5range47__T3putTS3std5stdio4File17LockingTextWriterTAaZ3putFKS3std5stdio4File17LockingTextWriterAaZv
_D3std5stdio4File17LockingTextWriter11__T3putTAaZ3putMFAaZv	4	0	0
------------------
	    2	_D3std5range47__T3putTS3std5stdio4File17LockingTextWriterTyaZ3putFKS3std5stdio4File17LockingTextWriteryaZv
_D3std5stdio4File17LockingTextWriter11__T3putTyaZ3putMFyaZv	2	1	1
------------------
	    2	_D3std5range48__T3putTS3std5stdio4File17LockingTextWriterTAxaZ3putFKS3std5stdio4File17LockingTextWriterAxaZv
_D3std5stdio4File17LockingTextWriter12__T3putTAxaZ3putMFAxaZv	2	0	0
------------------
	    6	_D3std5range48__T3putTS3std5stdio4File17LockingTextWriterTAyaZ3putFKS3std5stdio4File17LockingTextWriterAyaZv
_D3std5stdio4File17LockingTextWriter12__T3putTAyaZ3putMFAyaZv	6	64	64
------------------
	    2	_D3std5stdio18__T7writelnTAyaTkZ7writelnFAyakZv
_D3std5stdio4File18__T5writeTAyaTkTaZ5writeMFAyakaZv	2	112	45
	    2	_D3std9exception14__T7enforceTbZ7enforceFNaNfbLAxaAyakZb
	    2	_D3std5range48__T3putTS3std5stdio4File17LockingTextWriterTAyaZ3putFKS3std5stdio4File17LockingTextWriterAyaZv
	    2	_D3std4conv55__T11toTextRangeTkTS3std5stdio4File17LockingTextWriterZ11toTextRangeFkS3std5stdio4File17LockingTextWriterZv
	    2	_D3std5range46__T3putTS3std5stdio4File17LockingTextWriterTaZ3putFKS3std5stdio4File17LockingTextWriteraZv
------------------
	    2	_D3std5stdio24__T7writelnTAyaTkTAyaTdZ7writelnFAyakAyadZv
_D3std5stdio4File24__T5writeTAyaTkTAyaTdTaZ5writeMFAyakAyadaZv	2	115	2
	    2	_D3std9exception14__T7enforceTbZ7enforceFNaNfbLAxaAyakZb
	    4	_D3std5range48__T3putTS3std5stdio4File17LockingTextWriterTAyaZ3putFKS3std5stdio4File17LockingTextWriterAyaZv
	    2	_D3std4conv55__T11toTextRangeTkTS3std5stdio4File17LockingTextWriterZ11toTextRangeFkS3std5stdio4File17LockingTextWriterZv
	    2	_D3std6format60__T14€†tedWriéTS€„¢5Úio4File17LockingText€…£rTaTdZ€¹F€£¹xAadZk
	    2	_D3std5range46__T3putTS3std5stdio4File17LockingTextWriterTaZ3putFKS3std5stdio4File17LockingTextWriteraZv
------------------
	    2	_D3std6format60__T14€†tedWriéTS€„¢5Úio4File17LockingText€…£rTaTdZ€¹F€£¹xAadZk
	    8	= Timer Is 1688623 Ticks/Sec, Times are in Microsecs ========
|ã#	10	0	0
	   10	_D3std5array12__T5emptyTaZ5emptyFNaNbNdNfxAaZb
	    1	_D3std5range48__T3putTS3std5stdio4File17LockingTextWriterTAxaZ3putFKS3std5stdio4File17LockingTextWriterAxaZv
	    8	_D3std6format18__T10FormatSpecTaZ10FormatSpec6fillUpMFZv
	   14	_D3std5range51__T3putTS3std5array16__T8AppenderTAaZ8AppenderTAxaZ3putFKS3std5array16__T8AppenderTAaZ8AppenderAxaZv
	    1	_D3std5range52__T3putTS3std5array17__T8AppenderTAyaZ8AppenderTAxaZ3putFKS3std5array17__T8AppenderTAyaZ8AppenderAxaZv
------------------
	    1	_D3std6format18__T10FormatSpecTaZ10FormatSpec14__unittest1933FZv
	    1	= Timer Is 1688623 Ticks/Sec, Times are in Microsecs ========
_D3std6format18__T10FormatSpecTaZ10FormatSpec12getCurFmtStrMxFZAya	2	41	10
	    2	_D3std5array20__T8appenderTAyaTyaZ8appenderFAyaZS3std5array17__T8AppenderTAyaZ8Appender
	    2	_D3std6format18__T10FormatSpecTaZ10FormatSpec6__ctorMFxAaZS3std6format18__T10FormatSpecTaZ10FormatSpec
	    4	_D3std5range50__T3putTS3std5array17__T8AppenderTAyaZ8AppenderTaZ3putFKS3std5array17__T8AppenderTAyaZ8AppenderaZv
	    2	_D3std6format18__T10FormatSpecTaZ10FormatSpec6flDashMxFNaNbNdNfZb
	    2	_D3std6format18__T10FormatSpecTaZ10FormatSpec6flZeroMxFNaNbNdNfZb
	    2	_D3std6format18__T10FormatSpecTaZ10FormatSpec7flSpaceMxFNaNbNdNfZb
	    2	_D3std6format18__T10FormatSpecTaZ10FormatSpec6flPlusMxFNaNbNdNfZb
	    2	_D3std6format18__T10FormatSpecTaZ10FormatSpec6flHashMxFNaNbNdNfZb
	    2	_D3std6format62__T11€†ValueTS€„Ÿ5array17€ƒ8AppenderTAyaZ€ŠxiTaZ€»F€§»xiK€…ª‡„18„„0F€…Spec€„Ø€‹Zv
	    2	_D3std5range51__T3putTS3std5array17__T8AppenderTAyaZ8AppenderTxaZ3putFKS3std5array17__T8AppenderTAyaZ8AppenderxaZv
	    2	_D3std5array17__T8AppenderTAyaZ8Appender4dataMNgFNdZAya
------------------
	    2	__D6Master4Main9__modtestFZv
======== Timer Is 1688623 Ticks/Sec, Times are in Microsecs ====	2	81	12
	    1	_D3std5array18__T8appenderTAaTaZ8appenderFAaZS3std5array16__T8AppenderTAaZ8Appender
	    5	_D3std6format18__T10FormatSpecTaZ10FormatSpec6__ctorMFxAaZS3std6format18__T10FormatSpecTaZ10FormatSpec
	    7	_D3std6format18__T10F€…SpecTaZ€Œ62€„ 7writeUpToNex€†§S€„Å5array16€ƒ¤8AppenderTAaZ€‰Z€“»MF€§¼b
	    6	_D3std5array16__T8AppenderTAaZ8Appender4dataMNgFNdZANga
	    3	_D3std5array16__T8AppenderTAaZ8Appender5clearMFZv
	    1	_D3std5array20__T8appenderTAyaTyaZ8appenderFAyaZS3std5array17__T8AppenderTAyaZ8Appender
	    1	_D3std6format18__T10F€…SpecTaZ€Œ63€„ 7writeUpToNex€†§S€„Å5array17€ƒ¤8AppenderTAyaZ€‰Z€“¼MF€¨½b
	    1	_D3std6format18__T10FormatSpecTaZ10FormatSpec12getCurFmtStrMxFZAya
------------------
= Timer Is 1688623 Ticks/Sec, Times are in Microsecs ========	0	0	0
------------------
	    1	__D6Master4Main9__modtestFZv
_D3std6format18__T10FormatSpecTaZ10FormatSpec14__unittest1932FZv	1	71	16
	    1	_D3std5array18__T8appenderTAaTaZ8appenderFAaZS3std5array16__T8AppenderTAaZ8Appender
	    4	_D3std6format18__T10FormatSpecTaZ10FormatSpec6__ctorMFxAaZS3std6format18__T10FormatSpecTaZ10FormatSpec
	    7	_D3std6format18__T10F€…SpecTaZ€Œ62€„ 7writeUpToNex€†§S€„Å5array16€ƒ¤8AppenderTAaZ€‰Z€“»MF€§¼b
	    6	_D3std5array16__T8AppenderTAaZ8Appender4dataMNgFNdZANga
	    3	_D3std5array16__T8AppenderTAaZ8Appender5clearMFZv
------------------
	    1	__D6Master4Main9__modtestFZv
_D3std6format18__T10FormatSpecTaZ10FormatSpec14__unittest1933FZv	1	75	3
	    1	_D3std5array20__T8appenderTAyaTyaZ8appenderFAyaZS3std5array17__T8AppenderTAyaZ8Appender
	    1	_D3std6format18__T10FormatSpecTaZ10FormatSpec6__ctorMFxAaZS3std6format18__T10FormatSpecTaZ10FormatSpec
	    1	_D3std6format18__T10F€…SpecTaZ€Œ63€„ 7writeUpToNex€†§S€„Å5array17€ƒ¤8AppenderTAyaZ€‰Z€“¼MF€¨½b
	    1	_D3std6format18__T10FormatSpecTaZ10FormatSpec12getCurFmtStrMxFZAya
------------------
	    4	_D3std6format18__T10FormatSpecTaZ10FormatSpec14__unittest1932FZv
	    1	_D3std6format18__T10FormatSpecTaZ10FormatSpec14__unittest1933FZv
	    2	_D3std6format18__T10FormatSpecTaZ10FormatSpec12getCurFmtStrMxFZAya
	    2	_D3std6format60__T14€†tedWriéTS€„¢5Úio4File17LockingText€…£rTaTdZ€¹F€£¹xAadZk
	    5	= Timer Is 1688623 Ticks/Sec, Times are in Microsecs ========
_D3std6format18__T10FormatSpecTaZ10FormatSpec6__ctorMFxAaZS3std6format18__T10FormatSpecTaZ10FormatSpec	14	1	1
------------------
	   12	_D3std6format18__T10F€…SpecTaZ€Œ62€„ 7writeUpToNex€†§S€„Å5array16€ƒ¤8AppenderTAaZ€‰Z€“»MF€§¼b
	    2	_D3std6format18__T10F€…SpecTaZ€Œ63€„ 7writeUpToNex€†§S€„Å5array17€ƒ¤8AppenderTAyaZ€‰Z€“¼MF€¨½b
	    2	_D3std6format18__T10F€…SpecTaZ€Œ59€„ 7writeUpToNex€†§S€„Å5Úio4File17LockingT€ƒ¢W€„¯rZ€“¸MF€¤¹b
_D3std6format18__T10FormatSpecTaZ10FormatSpec6fillUpMFZv	16	23	16
	    2	_D3std4conv16__T5parseTiTAxaZ5parseFKAxaZi
------------------
	    2	_D3std6format18__T10FormatSpecTaZ10FormatSpec12getCurFmtStrMxFZAya
	    2	_D3std6format62__T14€†UnsignedTS€„¢5array17€ƒ¡8AppenderTAyaZ€ŠaZ€»F€§»mK€…©‡†18„†0F€…Spec€„Ú€‹kbZv
	    2	_D3std6format57__T11€†ValueTS€„Ÿ5Úio4File17LockingTextWriterTdTaZ€¶F€£¶dK€…¥€‡ú18€„ú0F€…Spec€„Ó€‹Zv
_D3std6format18__T10FormatSpecTaZ10FormatSpec6flDashMxFNaNbNdNfZb	6	0	0
------------------
	    2	_D3std6format18__T10FormatSpecTaZ10FormatSpec12getCurFmtStrMxFZAya
	    2	_D3std6format57__T11€†ValueTS€„Ÿ5Úio4File17LockingTextWriterTdTaZ€¶F€£¶dK€…¥€‡ú18€„ú0F€…Spec€„Ó€‹Zv
_D3std6format18__T10FormatSpecTaZ10FormatSpec6flHashMxFNaNbNdNfZb	4	2	2
------------------
	    2	_D3std6format18__T10FormatSpecTaZ10FormatSpec12getCurFmtStrMxFZAya
	    2	_D3std6format62__T14€†UnsignedTS€„¢5array17€ƒ¡8AppenderTAyaZ€ŠaZ€»F€§»mK€…©‡†18„†0F€…Spec€„Ú€‹kbZv
	    2	_D3std6format57__T11€†ValueTS€„Ÿ5Úio4File17LockingTextWriterTdTaZ€¶F€£¶dK€…¥€‡ú18€„ú0F€…Spec€„Ó€‹Zv
_D3std6format18__T10FormatSpecTaZ10FormatSpec6flPlusMxFNaNbNdNfZb	6	2	2
------------------
	    2	_D3std6format18__T10FormatSpecTaZ10FormatSpec12getCurFmtStrMxFZAya
	    2	_D3std6format62__T14€†UnsignedTS€„¢5array17€ƒ¡8AppenderTAyaZ€ŠaZ€»F€§»mK€…©‡†18„†0F€…Spec€„Ú€‹kbZv
	    2	_D3std6format57__T11€†ValueTS€„Ÿ5Úio4File17LockingTextWriterTdTaZ€¶F€£¶dK€…¥€‡ú18€„ú0F€…Spec€„Ó€‹Zv
_D3std6format18__T10FormatSpecTaZ10FormatSpec6flZeroMxFNaNbNdNfZb	6	1	1
------------------
	    2	_D3std6format18__T10FormatSpecTaZ10FormatSpec12getCurFmtStrMxFZAya
	    2	_D3std6format62__T14€†UnsignedTS€„¢5array17€ƒ¡8AppenderTAyaZ€ŠaZ€»F€§»mK€…©‡†18„†0F€…Spec€„Ú€‹kbZv
	    2	_D3std6format57__T11€†ValueTS€„Ÿ5Úio4File17LockingTextWriterTdTaZ€¶F€£¶dK€…¥€‡ú18€„ú0F€…Spec€„Ó€‹Zv
_D3std6format18__T10FormatSpecTaZ10FormatSpec7flSpaceMxFNaNbNdNfZb	6	1	1
------------------
	    2	_D3std6format60__T14€†tedWriéTS€„¢5Úio4File17LockingText€…£rTaTdZ€¹F€£¹xAadZk
_D3std6format18__T10F€…SpecTaZ€Œ59€„ 7writeUpToNex€†§S€„Å5Úio4File17LockingT€ƒ¢W€„¯rZ€“¸MF€¤¹b	2	5	4
	    2	_D3std5array12__T5emptyTaZ5emptyFNaNbNdNfxAaZb
	    1	_D3std5range48__T3putTS3std5stdio4File17LockingTextWriterTAxaZ3putFKS3std5stdio4File17LockingTextWriterAxaZv
	    1	_D3std6format18__T10FormatSpecTaZ10FormatSpec6fillUpMFZv
------------------
	    7	_D3std6format18__T10FormatSpecTaZ10FormatSpec14__unittest1932FZv
_D3std6format18__T10F€…SpecTaZ€Œ62€„ 7writeUpToNex€†§S€„Å5array16€ƒ¤8AppenderTAaZ€‰Z€“»MF€§¼b	7	36	12
	    7	_D3std5array12__T5emptyTaZ5emptyFNaNbNdNfxAaZb
	   14	_D3std5range51__T3putTS3std5array16__T8AppenderTAaZ8AppenderTAxaZ3putFKS3std5array16__T8AppenderTAaZ8AppenderAxaZv
	    6	_D3std6format18__T10FormatSpecTaZ10FormatSpec6fillUpMFZv
------------------
	    1	_D3std6format18__T10FormatSpecTaZ10FormatSpec14__unittest1933FZv
_D3std6format18__T10F€…SpecTaZ€Œ63€„ 7writeUpToNex€†§S€„Å5array17€ƒ¤8AppenderTAyaZ€‰Z€“¼MF€¨½b	1	13	1
	    1	_D3std5array12__T5emptyTaZ5emptyFNaNbNdNfxAaZb
	    1	_D3std5range52__T3putTS3std5array17__T8AppenderTAyaZ8AppenderTAxaZ3putFKS3std5array17__T8AppenderTAyaZ8AppenderAxaZv
	    1	_D3std6format18__T10FormatSpecTaZ10FormatSpec6fillUpMFZv
------------------
	    1	_D3std6format59__T13€†GenericTS€„¡5Úio4File17LockingTextWriterTdTaZ€¸F€£¸PxvK€…§‡€18„€0F€…Spec€„×€‹Zv
|ã#	1	0	0
	    1	_D3std9algorithm34__T4findVAyaa6_61203d3d2062TAyaTaZ4findFAyaaZAya
	    1	_D3std9exception44__T9enforceExTC3std6format15FormatExceptionZ16__T9enforceExTkZ9enforceExFNaNfkLAyaAyakZk
	    1	_D3std6format18__T10FormatSpecTaZ10FormatSpec6flDashMxFNaNbNdNfZb
	    1	_D3std6format18__T10FormatSpecTaZ10FormatSpec6flPlusMxFNaNbNdNfZb
	    1	_D3std6format18__T10FormatSpecTaZ10FormatSpec6flZeroMxFNaNbNdNfZb
	    1	_D3std6format18__T10FormatSpecTaZ10FormatSpec7flSpaceMxFNaNbNdNfZb
	    1	_D3std6format18__T10FormatSpecTaZ10FormatSpec6flHashMxFNaNbNdNfZb
	    1	_D3std9exception44__T9enforceExTC3std6format15FormatExceptionZ16__T9enforceExTbZ9enforceExFNaNfbLAyaAyakZb
	    1	_D3std5range47__T3putTS3std5stdio4File17LockingTextWriterTAaZ3putFKS3std5stdio4File17LockingTextWriterAaZv
------------------
	    1	_D3std6format59__T13€†GenericTS€„¡5Úio4File17LockingTextWriterTdTaZ€¸F€£¸PxvK€…§‡€18„€0F€…Spec€„×€‹Zv
_D3std6format57__T11€†ValueTS€„Ÿ5Úio4File17LockingTextWriterTdTaZ€¶F€£¶dK€…¥€‡ú18€„ú0F€…Spec€„Ó€‹Zv	1	24	9
	    1	_D3std9algorithm34__T4findVAyaa6_61203d3d2062TAyaTaZ4findFAyaaZAya
	    1	_D3std9exception44__T9enforceExTC3std6format15FormatExceptionZ16__T9enforceExTkZ9enforceExFNaNfkLAyaAyakZk
	    1	_D3std6format18__T10FormatSpecTaZ10FormatSpec6flDashMxFNaNbNdNfZb
	    1	_D3std6format18__T10FormatSpecTaZ10FormatSpec6flPlusMxFNaNbNdNfZb
	    1	_D3std6format18__T10FormatSpecTaZ10FormatSpec6flZeroMxFNaNbNdNfZb
	    1	_D3std6format18__T10FormatSpecTaZ10FormatSpec7flSpaceMxFNaNbNdNfZb
	    1	_D3std6format18__T10FormatSpecTaZ10FormatSpec6flHashMxFNaNbNdNfZb
	    1	_D3std9exception44__T9enforceExTC3std6format15FormatExceptionZ16__T9enforceExTbZ9enforceExFNaNfbLAyaAyakZb
	    1	_D3std5range47__T3putTS3std5stdio4File17LockingTextWriterTAaZ3putFKS3std5stdio4File17LockingTextWriterAaZv
------------------
	    1	_D3std6format60__T14€†tedWriéTS€„¢5Úio4File17LockingText€…£rTaTdZ€¹F€£¹xAadZk
|ã#	1	0	0
	    1	_D3std6format57__T11€†ValueTS€„Ÿ5Úio4File17LockingTextWriterTdTaZ€¶F€£¶dK€…¥€‡ú18€„ú0F€…Spec€„Ó€‹Zv
------------------
	    1	_D3std6format60__T14€†tedWriéTS€„¢5Úio4File17LockingText€…£rTaTdZ€¹F€£¹xAadZk
_D3std6format59__T13€†GenericTS€„¡5Úio4File17LockingTextWriterTdTaZ€¸F€£¸PxvK€…§‡€18„€0F€…Spec€„×€‹Zv	1	24	0
	    1	_D3std6format57__T11€†ValueTS€„Ÿ5Úio4File17LockingTextWriterTdTaZ€¶F€£¶dK€…¥€‡ú18€„ú0F€…Spec€„Ó€‹Zv
------------------
	    1	_D3std5stdio4File24__T5writeTAyaTkTAyaTdTaZ5writeMFAyakAyadaZv
|ã#	1	0	0
	    1	_D3std6format18__T10FormatSpecTaZ10FormatSpec6__ctorMFxAaZS3std6format18__T10FormatSpecTaZ10FormatSpec
	    2	_D3std6format18__T10F€…SpecTaZ€Œ59€„ 7writeUpToNex€†§S€„Å5Úio4File17LockingT€ƒ¢W€„¯rZ€“¸MF€¤¹b
	    1	_D3std6format59__T13€†GenericTS€„¡5Úio4File17LockingTextWriterTdTaZ€¸F€£¸PxvK€…§‡€18„€0F€…Spec€„×€‹Zv
------------------
	    1	_D3std5stdio4File24__T5writeTAyaTkTAyaTdTaZ5writeMFAyakAyadaZv
_D3std6format60__T14€†tedWriéTS€„¢5Úio4File17LockingText€…£rTaTdZ€¹F€£¹xAadZk	1	32	3
	    1	_D3std6format18__T10FormatSpecTaZ10FormatSpec6__ctorMFxAaZS3std6format18__T10FormatSpecTaZ10FormatSpec
	    2	_D3std6format18__T10F€…SpecTaZ€Œ59€„ 7writeUpToNex€†§S€„Å5Úio4File17LockingT€ƒ¢W€„¯rZ€“¸MF€¤¹b
	    1	_D3std6format59__T13€†GenericTS€„¡5Úio4File17LockingTextWriterTdTaZ€¸F€£¸PxvK€…§‡€18„€0F€…Spec€„×€‹Zv
------------------
	    1	_D3std6format18__T10FormatSpecTaZ10FormatSpec12getCurFmtStrMxFZAya
|ã#	1	0	0
	    1	_D3std6format64__T14€†IntegralTS€„¢5array17€ƒ¡8AppenderTAyaZ€ŠlTaZ€½F€§½xlK€…ª‡‰18„‰0F€…Spec€„Û€‹mZv
------------------
	    1	_D3std6format18__T10FormatSpecTaZ10FormatSpec12getCurFmtStrMxFZAya
_D3std6format62__T11€†ValueTS€„Ÿ5array17€ƒ8AppenderTAyaZ€ŠxiTaZ€»F€§»xiK€…ª‡„18„„0F€…Spec€„Ø€‹Zv	1	8	0
	    1	_D3std6format64__T14€†IntegralTS€„¢5array17€ƒ¡8AppenderTAyaZ€ŠlTaZ€½F€§½xlK€…ª‡‰18„‰0F€…Spec€„Û€‹mZv
------------------
	    1	_D3std6format64__T14€†IntegralTS€„¢5array17€ƒ¡8AppenderTAyaZ€ŠlTaZ€½F€§½xlK€…ª‡‰18„‰0F€…Spec€„Û€‹mZv
|ã#	1	0	0
	    1	_D3std6format18__T10FormatSpecTaZ10FormatSpec6flDashMxFNaNbNdNfZb
	    1	_D3std6format18__T10FormatSpecTaZ10FormatSpec6flZeroMxFNaNbNdNfZb
	    1	_D3std6format18__T10FormatSpecTaZ10FormatSpec6flPlusMxFNaNbNdNfZb
	    1	_D3std6format18__T10FormatSpecTaZ10FormatSpec7flSpaceMxFNaNbNdNfZb
	    1	_D3std5range51__T3putTS3std5array17__T8AppenderTAyaZ8AppenderTAaZ3putFKS3std5array17__T8AppenderTAyaZ8AppenderAaZv
------------------
	    1	_D3std6format64__T14€†IntegralTS€„¢5array17€ƒ¡8AppenderTAyaZ€ŠlTaZ€½F€§½xlK€…ª‡‰18„‰0F€…Spec€„Û€‹mZv
_D3std6format62__T14€†UnsignedTS€„¢5array17€ƒ¡8AppenderTAyaZ€ŠaZ€»F€§»mK€…©‡†18„†0F€…Spec€„Ú€‹kbZv	1	3	2
	    1	_D3std6format18__T10FormatSpecTaZ10FormatSpec6flDashMxFNaNbNdNfZb
	    1	_D3std6format18__T10FormatSpecTaZ10FormatSpec6flZeroMxFNaNbNdNfZb
	    1	_D3std6format18__T10FormatSpecTaZ10FormatSpec6flPlusMxFNaNbNdNfZb
	    1	_D3std6format18__T10FormatSpecTaZ10FormatSpec7flSpaceMxFNaNbNdNfZb
	    1	_D3std5range51__T3putTS3std5array17__T8AppenderTAyaZ8AppenderTAaZ3putFKS3std5array17__T8AppenderTAyaZ8AppenderAaZv
------------------
	    1	_D3std6format62__T11€†ValueTS€„Ÿ5array17€ƒ8AppenderTAyaZ€ŠxiTaZ€»F€§»xiK€…ª‡„18„„0F€…Spec€„Ø€‹Zv
|ã#	1	0	0
	    1	_D3std9exception44__T9enforceExTC3std6format15FormatExceptionZ16__T9enforceExTbZ9enforceExFNaNfbLAyaAyakZb
	    1	_D3std6format62__T14€†UnsignedTS€„¢5array17€ƒ¡8AppenderTAyaZ€ŠaZ€»F€§»mK€…©‡†18„†0F€…Spec€„Ú€‹kbZv
------------------
	    1	_D3std6format62__T11€†ValueTS€„Ÿ5array17€ƒ8AppenderTAyaZ€ŠxiTaZ€»F€§»xiK€…ª‡„18„„0F€…Spec€„Ø€‹Zv
_D3std6format64__T14€†IntegralTS€„¢5array17€ƒ¡8AppenderTAyaZ€ŠlTaZ€½F€§½xlK€…ª‡‰18„‰0F€…Spec€„Û€‹mZv	1	8	4
	    1	_D3std9exception44__T9enforceExTC3std6format15FormatExceptionZ16__T9enforceExTbZ9enforceExFNaNfbLAyaAyakZb
	    1	_D3std6format62__T14€†UnsignedTS€„¢5array17€ƒ¡8AppenderTAyaZ€ŠaZ€»F€§»mK€…©‡†18„†0F€…Spec€„Ú€‹kbZv
------------------
	152520	_D3std9algorithm60__T4sortVAyaa5_61203cÙ62VE€«12SwapStrategy0TAgZ€…¹F€ƒ‰S€„«5range37€ƒÒ11S€ƒšedR€„’€ƒª€‘İZ€¢
|ã#	152520	0	0
	152520	_D3std9algorithm94__T23optimisácInserùonSoñS59€„¯10func€„•al31€ƒ±9binaryFunVAyaa5_61203cÙ62Z€ŠœTAgZ€™ÛF€ƒv
------------------
	152520	_D3std9algorithm60__T4sortVAyaa5_61203cÙ62VE€«12SwapStrategy0TAgZ€…¹F€ƒ‰S€„«5range37€ƒÒ11S€ƒšedR€„’€ƒª€‘İZ€¢
_D3std9algorithm109__T8sortImplS59€„ 10functional31€ƒ¡9binaryFunVAyaa5_61203cÙ62Z€‹œE€İ2SwapStrategy0TAgZ€‰êF€ƒv	152520	222338	44704
	152520	_D3std9algorithm94__T23optimisácInserùonSoñS59€„¯10func€„•al31€ƒ±9binaryFunVAyaa5_61203cÙ62Z€ŠœTAgZ€™ÛF€ƒv
------------------
	    2	_D3std6format57__T11€†ValueTS€„Ÿ5Úio4File17LockingTextWriterTdTaZ€¶F€£¶dK€…¥€‡ú18€„ú0F€…Spec€„Ó€‹Zv
_D3std9algorithm34__T4findVAyaa6_61203d3d2062TAyaTaZ4findFAyaaZAya	2	19	5
	   18	_D3std5array12__T5emptyTaZ5emptyFNaNbNdNfxAaZb
	   18	_D3std5array14__T5frontTAyaZ5frontFNdAyaZw
	   18	_D3std10functional33__T9binaryFunVAyaa6_61203d3d2062Z18__T9binaryFunTwTaZ9binaryFunFNaNbNfwaZb
	   16	_D3std5array17__T8popFrontTAyaZ8popFrontFNaNbNeKAyaZv
------------------
	1145784	_D6Master10MasterUtil10getPermMapFxG4gxG4gZG4g
_D3std9algorithm40__T10countUntilVAyaa6_61203d3d2062TAgTgZ10countUntilFAggZi	1145784	4260053	1008321
	2864460	_D3std5array12__T5emptyTgZ5emptyFNaNbNdNfxAgZb
	2864460	_D3std9algorithm40__T10startsWithVAyaa6_61203d3d2062TAgTgZ10startsWithFAggZb
	1718676	_D3std5array16__T8popFrontTAgZ8popFrontFKAgZv
------------------
	2864460	_D3std9algorithm40__T10countUntilVAyaa6_61203d3d2062TAgTgZ10countUntilFAggZi
_D3std9algorithm40__T10startsWithVAyaa6_61203d3d2062TAgTgZ10startsWithFAggZb	2864460	2591074	1264321
	2864460	_D3std5array12__T5emptyTgZ5emptyFNaNbNdNfxAgZb
	2864460	_D3std5array12__T5frontTgZ5frontFNcNdAgZg
	2864460	_D3std10functional33__T9binaryFunVAyaa6_61203d3d2062Z18__T9binaryFunTgTgZ9binaryFunFNaNbNfggZb
------------------
	610080	_D3std9algorithm42__T13setDifferenceVAyaa5_61203cÙ62TAgÒZ€§FAg€ƒ•S€•ĞS€¦Ğ€§
|ã#	610080	0	0
	610080	_D3std9algorithm42__T13SetDifferenceVAyaa5_61203c2062TAgTAgZ13SetDifference14adjustPositionMFZv
------------------
	1220160	_D3std9algorithm42__T13SetDifferenceVAyaa5_61203cÙ62TAgÒZ€§6__ctorMFAg€ƒS€ÉØ
	7320960	_D3std9algorithm42__T13SetDifferenceVAyaa5_61203c2062TAgTAgZ13SetDifference8popFrontMFZv
_D3std9algorithm42__T13SetDifferenceVAyaa5_61203c2062TAgTAgZ13SetDifference14adjustPositionMFZv	8541120	18580674	8317632
	25623360	_D3std5array12__T5emptyTgZ5emptyFNaNbNdNfxAgZb
	20845856	_D3std5array12__T5frontTgZ5frontFNcNdAgZg
	10422928	_D3std10functional31__T9binaryFunVAyaa5_61203c2062Z18__T9binaryFunTgTgZ9binaryFunFNaNbNfggZb
	9761280	_D3std5array16__T8popFrontTAgZ8popFrontFKAgZv
------------------
	8541120	_D6Master10MasterUtil17markInvalidSubstsFxG4gxG4gKG10G10bZv
	7320960	_D3std9algorithm42__T13SetDifferenceVAyaa5_61203c2062TAgTAgZ13SetDifference5frontMFNdZg
_D3std9algorithm42__T13SetDifferenceVAyaa5_61203c2062TAgTAgZ13SetDifference5emptyMFNdZb	15862080	5922127	3709362
	15862080	_D3std5array12__T5emptyTgZ5emptyFNaNbNdNfxAgZb
------------------
	7320960	_D6Master10MasterUtil17markInvalidSubstsFxG4gxG4gKG10G10bZv
_D3std9algorithm42__T13SetDifferenceVAyaa5_61203c2062TAgTAgZ13SetDifference5frontMFNdZg	7320960	6536167	2647891
	7320960	_D3std9algorithm42__T13SetDifferenceVAyaa5_61203c2062TAgTAgZ13SetDifference5emptyMFNdZb
	7320960	_D3std5array12__T5frontTgZ5frontFNcNdAgZg
------------------
	7320960	_D6Master10MasterUtil17markInvalidSubstsFxG4gxG4gKG10G10bZv
_D3std9algorithm42__T13SetDifferenceVAyaa5_61203c2062TAgTAgZ13SetDifference8popFrontMFZv	7320960	10963622	2646258
	7320960	_D3std5array16__T8popFrontTAgZ8popFrontFKAgZv
	7320960	_D3std9algorithm42__T13SetDifferenceVAyaa5_61203c2062TAgTAgZ13SetDifference14adjustPositionMFZv
------------------
	610080	_D3std9algorithm42__T13setDifferenceVAyaa5_61203cÙ62TAgÒZ€§FAg€ƒ•S€•ĞS€¦Ğ€§
_D3std9algorithm42__T13SetDifferenceVAyaa5_61203cÙ62TAgÒZ€§6__ctorMFAg€ƒS€ÉØ	610080	5848214	161122
	610080	_D3std9algorithm42__T13SetDifferenceVAyaa5_61203c2062TAgTAgZ13SetDifference14adjustPositionMFZv
------------------
	610080	_D6Master10MasterUtil17markInvalidSubstsFxG4gxG4gKG10G10bZv
|ã#	610080	0	0
	610080	_D3std9algorithm42__T13SetDifferenceVAyaa5_61203cÙ62TAgÒZ€§6__ctorMFAg€ƒS€ÉØ
------------------
	610080	_D6Master10MasterUtil17markInvalidSubstsFxG4gxG4gKG10G10bZv
_D3std9algorithm42__T13setDifferenceVAyaa5_61203cÙ62TAgÒZ€§FAg€ƒ•S€•ĞS€¦Ğ€§	610080	6023916	175702
	610080	_D3std9algorithm42__T13SetDifferenceVAyaa5_61203cÙ62TAgÒZ€§6__ctorMFAg€ƒS€ÉØ
------------------
	152520	_D6Master10MasterUtil17markInvalidSubstsFxG4gxG4gKG10G10bZv
|ã#	152520	0	0
	152520	_D3std9algorithm109__T8sortImplS59€„ 10functional31€ƒ¡9binaryFunVAyaa5_61203cÙ62Z€‹œE€İ2SwapStrategy0TAgZ€‰êF€ƒv
	152520	_D3std9algorithm78__T8isSortedS593std10functional31__T9binaryFunVAyaa5_61203c2062Z9binaryFunTAgZ8isSortedFAgZb
	152520	_D3std5range38__T12assumeSortedVAyaa5_61203cÙ62TAgZ€£F€ƒ’S€‹Å7€„Å1€†œR€„’€ƒ³€‘ÇZ€¢
------------------
	152520	_D6Master10MasterUtil17markInvalidSubstsFxG4gxG4gKG10G10bZv
_D3std9algorithm60__T4sortVAyaa5_61203cÙ62VE€«12SwapStrategy0TAgZ€…¹F€ƒ‰S€„«5range37€ƒÒ11S€ƒšedR€„’€ƒª€‘İZ€¢	152520	1416736	76226
	152520	_D3std9algorithm109__T8sortImplS59€„ 10functional31€ƒ¡9binaryFunVAyaa5_61203cÙ62Z€‹œE€İ2SwapStrategy0TAgZ€‰êF€ƒv
	152520	_D3std9algorithm78__T8isSortedS593std10functional31__T9binaryFunVAyaa5_61203c2062Z9binaryFunTAgZ8isSortedFAgZb
	152520	_D3std5range38__T12assumeSortedVAyaa5_61203cÙ62TAgZ€£F€ƒ’S€‹Å7€„Å1€†œR€„’€ƒ³€‘ÇZ€¢
------------------
	305040	_D3std9algorithm78__T8isSortedS593std10functional31__T9binaryFunVAyaa5_61203c2062Z9binaryFunTAgZ8isSortedFAgZb
_D3std9algorithm78__T8isSortedS593std10functional31__T9binaryFunVAyaa5_61203c2062Z9binaryFunTAgZ2ECFE50D39EB1617AF1277570B7C4278	305040	1942791	722704
	1525200	_D3std5array12__T5emptyTgZ5emptyFNaNbNdNfxAgZb
	2135280	_D3std5array16__T8popFrontTAgZ8popFrontFKAgZv
	1830240	_D3std5array12__T5frontTgZ5frontFNcNdAgZg
	915120	_D3std9algorithm78__T8isSortedS593std10functional31__T9binaryFunVAyaa5_61203c2062Z9binaryFunTAgZ8isSortedFAgZb4predMFggZb
------------------
	305040	_D3std9algorithm60__T4sortVAyaa5_61203cÙ62VE€«12SwapStrategy0TAgZ€…¹F€ƒ‰S€„«5range37€ƒÒ11S€ƒšedR€„’€ƒª€‘İZ€¢
_D3std9algorithm78__T8isSortedS593std10functional31__T9binaryFunVAyaa5_61203c2062Z9binaryFunTAgZ8isSortedFAgZb	305040	2091809	107286
	305040	_D3std9algorithm78__T8isSortedS593std10functional31__T9binaryFunVAyaa5_61203c2062Z9binaryFunTAgZ2ECFE50D39EB1617AF1277570B7C4278
	305040	_D3std5array12__T5emptyTgZ5emptyFNaNbNdNfxAgZb
------------------
	915120	_D3std9algorithm78__T8isSortedS593std10functional31__T9binaryFunVAyaa5_61203c2062Z9binaryFunTAgZ2ECFE50D39EB1617AF1277570B7C4278
_D3std9algorithm78__T8isSortedS593std10functional31__T9binaryFunVAyaa5_61203c2062Z9binaryFunTAgZ8isSortedFAgZb4predMFggZb	915120	369517	241339
	915120	_D3std10functional31__T9binaryFunVAyaa5_61203c2062Z18__T9binaryFunTgTgZ9binaryFunFNaNbNfggZb
------------------
	152520	_D3std9algorithm109__T8sortImplS59€„ 10functional31€ƒ¡9binaryFunVAyaa5_61203cÙ62Z€‹œE€İ2SwapStrategy0TAgZ€‰êF€ƒv
|ã#	152520	0	0
	491289	_D3std10functional31__T9binaryFunVAyaa5_61203c2062Z18__T9binaryFunTgTgZ9binaryFunFNaNbNfggZb
------------------
	152520	_D3std9algorithm109__T8sortImplS59€„ 10functional31€ƒ¡9binaryFunVAyaa5_61203cÙ62Z€‹œE€İ2SwapStrategy0TAgZ€‰êF€ƒv
_D3std9algorithm94__T23optimisácInserùonSoñS59€„¯10func€„•al31€ƒ±9binaryFunVAyaa5_61203cÙ62Z€ŠœTAgZ€™ÛF€ƒv	152520	177634	101701
	491289	_D3std10functional31__T9binaryFunVAyaa5_61203c2062Z18__T9binaryFunTgTgZ9binaryFunFNaNbNfggZb
------------------
	    2	_D3std5stdio4File18__T5writeTAyaTkTaZ5writeMFAyakaZv
	    2	_D3std5stdio4File24__T5writeTAyaTkTAyaTdTaZ5writeMFAyakAyadaZv
_D3std9exception14__T7enforceTbZ7enforceFNaNfbLAxaAyakZb	4	2	2
------------------
	    2	_D3std6format64__T14€†IntegralTS€„¢5array17€ƒ¡8AppenderTAyaZ€ŠlTaZ€½F€§½xlK€…ª‡‰18„‰0F€…Spec€„Û€‹mZv
	    2	_D3std6format57__T11€†ValueTS€„Ÿ5Úio4File17LockingTextWriterTdTaZ€¶F€£¶dK€…¥€‡ú18€„ú0F€…Spec€„Ó€‹Zv
_D3std9exception44__T9enforceExTC3std6format15FormatExceptionZ16__T9enforceExTbZ9enforceExFNaNfbLAyaAyakZb	4	1	1
------------------
	    2	_D3std6format57__T11€†ValueTS€„Ÿ5Úio4File17LockingTextWriterTdTaZ€¶F€£¶dK€…¥€‡ú18€„ú0F€…Spec€„Ó€‹Zv
_D3std9exception44__T9enforceExTC3std6format15FormatExceptionZ16__T9enforceExTkZ9enforceExFNaNfkLAyaAyakZk	2	0	0
------------------
	787790	_D6Master10MasterUtil23ValidSubstitutionStream6doInitMFxG4gxG4gxAG4gZv
|ã#	787790	0	0
	4859374	3std5array17__T8AppenderTAyaZ8Appender6__ctorMFAyaZS3std5array17__T8AppenderTAyaZ8Appender
------------------
	286446	_D6Master10MasterUtil13findTransformFxG4gxG4gxAG4gZb
_D6Master10MasterUtil10getPermMapFxG4gxG4gZG4g	286446	4463237	203184
	1145784	_D3std9algorithm40__T10countUntilVAyaa6_61203d3d2062TAgTgZ10countUntilFAggZi
------------------
	    1	__D6Master10MasterUtil9__modtestFZv
======== Timer Is 1688623 Ticks/Sec, 	1	0	0
------------------
= Timer Is 1688623 Ticks/Sec, Times a	0	0	0
------------------
	    2	__D6Master10MasterUtil9__modtestFZv
_D6Master10MasterUtil11__unittest4FZv	2	12	9
	    1	_D6Master10MasterUtil18__T4fillTG2fVk1TdZ4fillFNaNfKG1G2fxdZv
	    1	_D6object20__T8_ArrayEqTG2fTAfZ8_ArrayEqFAG2fAAfZb
	    1	_D6Master10MasterUtil16__T4fillTiVk3TiZ4fillFNaNfKG3ixiZv
------------------
	    2	__D6Master10MasterUtil9__modtestFZv
_D6Master10MasterUtil11__unittest5FZv	2	15	11
	    1	_D6Master10MasterUtil18__T4fillTG2fVk1TdZ4fillFNaNfKG1G2fxdZv
	    1	_D6object20__T8_ArrayEqTG2fTAfZ8_ArrayEqFAG2fAAfZb
	    1	_D6Master10MasterUtil16__T4fillTiVk3TiZ4fillFNaNfKG3ixiZv
	    1	_D6Master10MasterUtil21__T7permuteTG1iTiVk1Z7permuteFNaNfxG1iZG1G1i
	    1	_D6object20__T8_ArrayEqTG1iTAiZ8_ArrayEqFAG1iAAiZb
------------------
	    1	__D6Master10MasterUtil9__modtestFZv
_D6Master10MasterUtil11__unittest6FZv	1	6	2
	    1	_D6Master10MasterUtil21__T7permuteTG1iTiVk1Z7permuteFNaNfxG1iZG1G1i
	    1	_D6object20__T8_ArrayEqTG1iTAiZ8_ArrayEqFAG1iAAiZb
------------------
	    1	__Dmain
	    1	_D6Master10MasterUtil12__unittest26FZv
_D6Master10MasterUtil12__T1dTAyaTkZ1dFAyakZv	2	195	83
	    2	_D3std5stdio18__T7writelnTAyaTkZ7writelnFAyakZv
------------------
	    1	__D6Master10MasterUtil9__modtestFZv
======== Timer Is 1688623 Ticks/Sec, T	1	0	0
------------------
= Timer Is 1688623 Ticks/Sec, Times ar	0	0	0
------------------
	    2	__D6Master10MasterUtil9__modtestFZv
_D6Master10MasterUtil12__unittest15FZv	2	308	4
	    1	_D6Master10MasterUtil13findTransformFxG4gxG4gxAG4gZb
------------------
	    2	__D6Master10MasterUtil9__modtestFZv
_D6Master10MasterUtil12__unittest16FZv	2	304	3
	    1	_D6Master10MasterUtil13findTransformFxG4gxG4gxAG4gZb
------------------
	    2	__D6Master10MasterUtil9__modtestFZv
_D6Master10MasterUtil12__unittest17FZv	2	1	1
------------------
	    1	__D6Master10MasterUtil9__modtestFZv
_D6Master10MasterUtil12__unittest18FZv	1	0	0
------------------
	    1	__D6Master10MasterUtil9__modtestFZv
======== Timer Is 1688623 Ticks/Sec, T	1	2	2
------------------
= Timer Is 1688623 Ticks/Sec, Times ar	0	0	0
------------------
	    2	__D6Master10MasterUtil9__modtestFZv
_D6Master10MasterUtil12__unittest22FZv	2	2	2
------------------
	    2	__D6Master10MasterUtil9__modtestFZv
_D6Master10MasterUtil12__unittest23FZv	2	154	6
	    1	_D6Master10MasterUtil20__T4fillTG10bVk10TbZ4fillFNaNfKG10G10bxbZv
	    1	_D6Master10MasterUtil17markInvalidSubstsFxG4gxG4gKG10G10bZv
	    1	_D6object21__T8_ArrayEqTG10bTAbZ8_ArrayEqFAG10bAAbZb
------------------
	    1	__D6Master10MasterUtil9__modtestFZv
_D6Master10MasterUtil12__unittest24FZv	1	140	6
	    1	_D6Master10MasterUtil20__T4fillTG10bVk10TbZ4fillFNaNfKG10G10bxbZv
	    1	_D6Master10MasterUtil17markInvalidSubstsFxG4gxG4gKG10G10bZv
	    1	_D6object21__T8_ArrayEqTG10bTAbZ8_ArrayEqFAG10bAAbZb
------------------
	    2	__D6Master10MasterUtil9__modtestFZv
_D6Master10MasterUtil12__unittest26FZv	2	26718656	17
	    2	_D6Master10MasterUtil28computeRepresentativeGuessesFxAG4gZAG4g
	    1	_D6object20__T8_ArrayEqTG4gTAiZ8_ArrayEqFAG4gAAiZb
	    1	_D6Master10MasterUtil12__T1dTAyaTkZ1dFAyakZv
	    1	_D6Master10MasterUtil18__T1dTAyaTkTAyaTdZ1dFAyakAyadZv
------------------
	    2	__D6Master10MasterUtil9__modtestFZv
_D6Master10MasterUtil12__unittest27FZv	2	0	0
------------------
	    1	_D6Master10MasterUtil12__unittest16FZv
	157556	_D6Master10MasterUtil28computeRepresentativeGuessesFxAG4gZAG4g
	    1	_D6Master10MasterUtil12__unittest15FZv
_D6Master10MasterUtil13findTransformFxG4gxG4gxAG4gZb	157558	53659542	465798
	157558	_D6Master10MasterUtil23validSubstitutionStreamFxG4gxG4gxAG4gZS6Master10MasterUtil23ValidSubstitutionStream
	423882	_D6Master10MasterUtil23ValidSubstitutionStream5emptyMFNdZb
	286446	_D6Master10MasterUtil23ValidSubstitutionStream5frontMFNdZG10g
	562814	_D6Master10MasterUtil17applySubstitutionFG4gG10gZG4g
	286446	_D6Master10MasterUtil10getPermMapFxG4gxG4gZG4g
	562814	_D6Master10MasterUtil16applyPermutationFxG4gxG4gZG4g
	266324	_D6Master10MasterUtil23ValidSubstitutionStream8popFrontMFZv
------------------
	    2	_D6Master10MasterUtil21__T7permuteTG1iTiVk1Z7permuteFNaNfxG1iZG1G1i
_D6Master10MasterUtil16__T4fillTbVk1TbZ4fillFNaNfKG1bxbZv	2	2	2
------------------
	    2	_D6Master10MasterUtil18__T4fillTG2fVk1TdZ4fillFNaNfKG1G2fxdZv
_D6Master10MasterUtil16__T4fillTfVk2TdZ4fillFNaNfKG2fxdZv	2	0	0
------------------
	    1	_D6Master10MasterUtil11__unittest5FZv
	    1	_D6Master10MasterUtil11__unittest4FZv
_D6Master10MasterUtil16__T4fillTiVk3TiZ4fillFNaNfKG3ixiZv	2	1	1
------------------
	562814	_D6Master10MasterUtil13findTransformFxG4gxG4gxAG4gZb
_D6Master10MasterUtil16applyPermutationFxG4gxG4gZG4g	562814	142787	142787
------------------
	1575600	_D6Master10MasterUtil20__T4fillTG10bVk10TbZ4fillFNaNfKG10G10bxbZv
	157558	_D6Master10MasterUtil23ValidSubstitutionStream6doInitMFxG4gxG4gxAG4gZv
_D6Master10MasterUtil17__T4fillTbVk10TbZ4fillFNaNfKG10bxbZv	1733158	477367	477367
------------------
	157558	_D6Master10MasterUtil23ValidSubstitutionStream6doInitMFxG4gxG4gxAG4gZv
_D6Master10MasterUtil17__T4fillTgVk10TgZ4fillFNaNfKG10gxgZv	157558	51161	51161
------------------
	562814	_D6Master10MasterUtil13findTransformFxG4gxG4gxAG4gZb
_D6Master10MasterUtil17applySubstitutionFG4gG10gZG4g	562814	137486	137486
------------------
	305038	_D6Master10MasterUtil23ValidSubstitutionStream6doInitMFxG4gxG4gxAG4gZv
	    1	_D6Master10MasterUtil12__unittest24FZv
	    1	_D6Master10MasterUtil12__unittest23FZv
_D6Master10MasterUtil17markInvalidSubstsFxG4gxG4gKG10G10bZv	305040	39261962	3764341
	305040	_D3std9algorithm60__T4sortVAyaa5_61203cÙ62VE€«12SwapStrategy0TAgZ€…¹F€ƒ‰S€„«5range37€ƒÒ11S€ƒšedR€„’€ƒª€‘İZ€¢
	1220160	_D3std9algorithm42__T13setDifferenceVAyaa5_61203cÙ62TAgÒZ€§FAg€ƒ•S€•ĞS€¦Ğ€§
	8541120	_D3std9algorithm42__T13SetDifferenceVAyaa5_61203c2062TAgTAgZ13SetDifference5emptyMFNdZb
	7320960	_D3std9algorithm42__T13SetDifferenceVAyaa5_61203c2062TAgTAgZ13SetDifference5frontMFNdZg
	7320960	_D3std9algorithm42__T13SetDifferenceVAyaa5_61203c2062TAgTAgZ13SetDifference8popFrontMFZv
------------------
	    1	__Dmain
	    1	_D6Master10MasterUtil12__unittest26FZv
_D6Master10MasterUtil18__T1dTAyaTkTAyaTdZ1dFAyakAyadZv	2	130	14
	    2	_D3std5stdio24__T7writelnTAyaTkTAyaTdZ7writelnFAyakAyadZv
------------------
	    1	_D6Master10MasterUtil11__unittest5FZv
	    1	_D6Master10MasterUtil11__unittest4FZv
_D6Master10MasterUtil18__T4fillTG2fVk1TdZ4fillFNaNfKG1G2fxdZv	2	2	2
	    2	_D6Master10MasterUtil16__T4fillTfVk2TdZ4fillFNaNfKG2fxdZv
------------------
	    1	__D6Master10MasterUtil9__modtestFZv
======== Timer Is 1688623 Ticks/Sec, Times are in Microsecs	1	0	0
------------------
= Timer Is 1688623 Ticks/Sec, Times are in Microsecs ======	0	0	0
------------------
	    1	__D6Master10MasterUtil9__modtestFZv
_D6Master10MasterUtil19AllGuessesGenerator12__unittest25FZv	1	1	1
------------------
	26708	_D6Master10MasterUtil19AllGuessesGenerator8popFrontMFZv
_D6Master10MasterUtil19AllGuessesGenerator20getFirstAvailDigPastMFxgZg	26708	5271	5271
------------------
	20164	_D6Master10MasterUtil28computeRepresentativeGuessesFxAG4gZAG4g
_D6Master10MasterUtil19AllGuessesGenerator5emptyMFNdZb	20164	3058	3058
------------------
	20160	_D6Master10MasterUtil28computeRepresentativeGuessesFxAG4gZAG4g
_D6Master10MasterUtil19AllGuessesGenerator5frontMFNdZG4g	20160	3248	3248
------------------
	20160	_D6Master10MasterUtil28computeRepresentativeGuessesFxAG4gZAG4g
_D6Master10MasterUtil19AllGuessesGenerator8popFrontMFZv	20160	15298	10027
	26708	_D6Master10MasterUtil19AllGuessesGenerator20getFirstAvailDigPastMFxgZg
------------------
	157558	_D6Master10MasterUtil23ValidSubstitutionStream6doInitMFxG4gxG4gxAG4gZv
	    1	_D6Master10MasterUtil12__unittest24FZv
	    1	_D6Master10MasterUtil12__unittest23FZv
_D6Master10MasterUtil20__T4fillTG10bVk10TbZ4fillFNaNfKG10G10bxbZv	157560	656730	220567
	1575600	_D6Master10MasterUtil17__T4fillTbVk10TbZ4fillFNaNfKG10bxbZv
------------------
	    1	_D6Master10MasterUtil11__unittest6FZv
	    1	_D6Master10MasterUtil11__unittest5FZv
_D6Master10MasterUtil21__T7permuteTG1iTiVk1Z7permuteFNaNfxG1iZG1G1i	2	5	1
	    2	_D6Master10MasterUtil16__T4fillTbVk1TbZ4fillFNaNfKG1bxbZv
	    2	_D6Master10MasterUtil21__T7permuteTG1iTiVk1Z9doPermuteFNaNfxG1iG1bxkG1iKG1G1iKkZv
------------------
	    2	_D6Master10MasterUtil21__T7permuteTG1iTiVk1Z7permuteFNaNfxG1iZG1G1i
_D6Master10MasterUtil21__T7permuteTG1iTiVk1Z9doPermuteFNaNfxG1iG1bxkG1iKG1G1iKkZv	2	2	2
------------------
	    1	__D6Master10MasterUtil9__modtestFZv
======== Timer Is 1688623 Ticks/Sec, Times are in Microsecs ===	1	0	0
------------------
= Timer Is 1688623 Ticks/Sec, Times are in Microsecs ========	0	0	0
------------------
	    1	__D6Master10MasterUtil9__modtestFZv
_D6Master10MasterUtil23ValidSubstitutionStream12__unittest21FZv	1	0	0
------------------
	423882	_D6Master10MasterUtil23ValidSubstitutionStream8popFrontMFZv
_D6Master10MasterUtil23ValidSubstitutionStream13findNextSubstMFZv	423882	4846781	4846781
------------------
	423882	_D6Master10MasterUtil13findTransformFxG4gxG4gxAG4gZb
_D6Master10MasterUtil23ValidSubstitutionStream5emptyMFNdZb	423882	58162	58162
------------------
	286446	_D6Master10MasterUtil13findTransformFxG4gxG4gxAG4gZb
_D6Master10MasterUtil23ValidSubstitutionStream5frontMFNdZG10g	286446	48313	48313
------------------
	157558	_D6Master10MasterUtil23validSubstitutionStreamFxG4gxG4gxAG4gZS6Master10MasterUtil23ValidSubstitutionStream
_D6Master10MasterUtil23ValidSubstitutionStream6__ctorMFxG4gxG4gxAG4gZS6Master10MasterUtil23ValidSubstitutionStream	157558	47782554	62422
	157558	_D6Master10MasterUtil23ValidSubstitutionStream6doInitMFxG4gxG4gxAG4gZv
	157558	_D6Master10MasterUtil23ValidSubstitutionStream8popFrontMFZv
------------------
	157558	_D6Master10MasterUtil23ValidSubstitutionStream6__ctorMFxG4gxG4gxAG4gZS6Master10MasterUtil23ValidSubstitutionStream
_D6Master10MasterUtil23ValidSubstitutionStream6doInitMFxG4gxG4gxAG4gZv	157558	43261386	345485
	157558	_D6Master10MasterUtil20__T4fillTG10bVk10TbZ4fillFNaNfKG10G10bxbZv
	157558	_D6Master10MasterUtil17__T4fillTgVk10TgZ4fillFNaNfKG10gxgZv
	157558	_D6Master10MasterUtil17__T4fillTbVk10TbZ4fillFNaNfKG10bxbZv
	305038	_D6Master10MasterUtil17markInvalidSubstsFxG4gxG4gKG10G10bZv
	787790	_D6Master10ıUtil23ValidSubstituÙonStream6doInitMFxG4gÛxAâZv107__TéallPassFunS80€ÆÙ__lambda20TbVk1êZ€ŒèMFNaNfxG10bZb
	787790	D3std5array17__T8AppenderTAyaZ8Appender6__ctorMFAyaZS3std5array17__T8AppenderTAyaZ8Appender
------------------
	4859374	3std5array17__T8AppenderTAyaZ8Appender6__ctorMFAyaZS3std5array17__T8AppenderTAyaZ8Appender
|ã#	4859374	714737	714737
------------------
3std5array17__T8AppenderTAyaZ8Appender6__ctorMFAyaZS3std5array17__T8AppenderTAyaZ8Appender	0	0	0
------------------
	4859374	_D6Master10ıUtil23ValidSubstituÙonStream6doInitMFxG4gÛxAâZv107__TéallPassFunS80€ÆÙ__lambda20TbVk1êZ€ŒèMFNaNfxG10bZb
_D6Master10MasterUtil23ValidSubstitutionStream6doInitMFxG4gxG4gxAG4gZv19__T10__lambda20TxbZ10__lambda20FNaNbNfxbZxb	4859374	711365	711365
------------------
	157558	_D6Master10MasterUtil23ValidSubstitutionStream6__ctorMFxG4gxG4gxAG4gZS6Master10MasterUtil23ValidSubstitutionStream
	266324	_D6Master10MasterUtil13findTransformFxG4gxG4gxAG4gZb
_D6Master10MasterUtil23ValidSubstitutionStream8popFrontMFZv	423882	4953089	106308
	423882	_D6Master10MasterUtil23ValidSubstitutionStream13findNextSubstMFZv
------------------
	157558	_D6Master10MasterUtil13findTransformFxG4gxG4gxAG4gZb
_D6Master10MasterUtil23validSubstitutionStreamFxG4gxG4gxAG4gZS6Master10MasterUtil23ValidSubstitutionStream	157558	47849416	66862
	157558	_D6Master10MasterUtil23ValidSubstitutionStream6__ctorMFxG4gxG4gxAG4gZS6Master10MasterUtil23ValidSubstitutionStream
------------------
	    2	__Dmain
	    2	_D6Master10MasterUtil12__unittest26FZv
_D6Master10MasterUtil28computeRepresentativeGuessesFxAG4gZAG4g	4	53731022	50481
	20164	_D6Master10MasterUtil19AllGuessesGenerator5emptyMFNdZb
	20160	_D6Master10MasterUtil19AllGuessesGenerator5frontMFNdZG4g
	20160	_D6Master10MasterUtil19AllGuessesGenerator8popFrontMFZv
	157556	_D6Master10MasterUtil13findTransformFxG4gxG4gxAG4gZb
------------------
D3std5array17__T8AppenderTAyaZ8Appender6__ctorMFAyaZS3std5array17__T8AppenderTAyaZ8Appender	0	0	0
------------------
3std5array17__T8AppenderTAyaZ8Appender6__ctorMFAyaZS3std5array17__T8AppenderTAyaZ8Appender	0	0	0
------------------
	787790	_D6Master10MasterUtil23ValidSubstitutionStream6doInitMFxG4gxG4gxAG4gZv
_D6Master10ıUtil23ValidSubstituÙonStream6doInitMFxG4gÛxAâZv107__TéallPassFunS80€ÆÙ__lambda20TbVk1êZ€ŒèMFNaNfxG10bZb	787790	1453082	741717
	4859374	_D6Master10MasterUtil23ValidSubstitutionStream6doInitMFxG4gxG4gxAG4gZv19__T10__lambda20TxbZ10__lambda20FNaNbNfxbZxb
------------------
	    2	_D3std5array16__T8AppenderTAaZ8Appender6__ctorMFAaZS3std5array16__T8AppenderTAaZ8Appender
_D6object15__T8capacityTaZ8capacityFNaNbNdAaZk	2	9	9
------------------
	    4	_D3std5array17__T8AppenderTAyaZ8Appender6__ctorMFAyaZS3std5array17__T8AppenderTAyaZ8Appender
_D6object16__T8capacityTyaZ8capacityFNaNbNdAyaZk	4	6	6
------------------
	    2	_D6object20__T8_ArrayEqTG4gTAiZ8_ArrayEqFAG4gAAiZb
_D6object17__T8_ArrayEqTgTiZ8_ArrayEqFAgAiZb	2	2	2
------------------
	    1	_D6Master10MasterUtil11__unittest6FZv
	    1	_D6Master10MasterUtil11__unittest5FZv
_D6object20__T8_ArrayEqTG1iTAiZ8_ArrayEqFAG1iAAiZb	2	1	1
------------------
	    1	_D6Master10MasterUtil11__unittest5FZv
	    1	_D6Master10MasterUtil11__unittest4FZv
_D6object20__T8_ArrayEqTG2fTAfZ8_ArrayEqFAG2fAAfZb	2	2	2
------------------
	    1	__Dmain
	    1	_D6Master10MasterUtil12__unittest26FZv
_D6object20__T8_ArrayEqTG4gTAiZ8_ArrayEqFAG4gAAiZb	2	3	1
	    2	_D6object17__T8_ArrayEqTgTiZ8_ArrayEqFAgAiZb
------------------
	    1	_D6Master10MasterUtil12__unittest24FZv
	    1	_D6Master10MasterUtil12__unittest23FZv
_D6object21__T8_ArrayEqTG10bTAbZ8_ArrayEqFAG10bAAbZb	2	7	7
------------------
__D6Master10MasterUtil9__modtestFZv	0	26719612	11
	    2	_D6Master10MasterUtil11__unittest4FZv
	    2	_D6Master10MasterUtil11__unittest5FZv
	    1	_D6Master10MasterUtil11__unittest6FZv
	    2	_D6Master10MasterUtil12__unittest15FZv
	    2	_D6Master10MasterUtil12__unittest16FZv
	    2	_D6Master10MasterUtil12__unittest17FZv
	    1	_D6Master10MasterUtil12__unittest18FZv
	    1	_D6Master10MasterUtil23ValidSubstitutionStream12__unittest21FZv
	    2	_D6Master10MasterUtil12__unittest22FZv
	    2	_D6Master10MasterUtil12__unittest23FZv
	    1	_D6Master10MasterUtil12__unittest24FZv
	    1	_D6Master10MasterUtil19AllGuessesGenerator12__unittest25FZv
	    2	_D6Master10MasterUtil12__unittest26FZv
	    2	_D6Master10MasterUtil12__unittest27FZv
	    1	= Timer Is 1688623 Ticks/Sec, Times a
	    1	= Timer Is 1688623 Ticks/Sec, Times ar
	    1	= Timer Is 1688623 Ticks/Sec, Times are in Microsecs ========
	    1	= Timer Is 1688623 Ticks/Sec, Times ar
	    1	= Timer Is 1688623 Ticks/Sec, Times are in Microsecs ======
------------------
__D6Master4Main9__modtestFZv	0	237	10
	    1	_D3std6format18__T10FormatSpecTaZ10FormatSpec14__unittest1932FZv
	    1	_D3std6format18__T10FormatSpecTaZ10FormatSpec14__unittest1933FZv
	    2	= Timer Is 1688623 Ticks/Sec, Times are in Microsecs ========
------------------
__Dmain	0	27012759	48
	    2	_D6Master10MasterUtil28computeRepresentativeGuessesFxAG4gZAG4g
	    1	_D6object20__T8_ArrayEqTG4gTAiZ8_ArrayEqFAG4gAAiZb
	    1	_D6Master10MasterUtil12__T1dTAyaTkZ1dFAyakZv
	    1	_D6Master10MasterUtil18__T1dTAyaTkTAyaTdZ1dFAyakAyadZv

======== Timer Is 1688623 Ticks/Sec, Times are in Microsecs ========

  Num          Tree        Func        Per
  Calls        Time        Time        Call

8541120    11003447     4925689           0     void std.algorithm.SetDifference!("a < b", byte[], byte[]).SetDifference.adjustPosition()
49044600     4157702     4157702           0     pure nothrow @property @safe bool std.array.empty!(byte).empty(const(byte[]))
32861516     3236286     3236286           0     ref @property byte std.array.front!(byte).front(byte[])
 423882     2870256     2870256           6     void Master.MasterUtil.ValidSubstitutionStream.findNextSubst()
 305040    23250874     2229237           7     void Master.MasterUtil.markInvalidSubsts(const(byte[4]), const(byte[4]), ref bool[10][10])
15862080     3507074     2196678           0     @property bool std.algorithm.SetDifference!("a < b", byte[], byte[]).SetDifference.empty()
20936196     1868915     1868915           0     void std.array.popFront!(byte[]).popFront(ref byte[])
7320960     3870708     1568077           0     @property byte std.algorithm.SetDifference!("a < b", byte[], byte[]).SetDifference.front()
7320960     6492640     1567110           0     void std.algorithm.SetDifference!("a < b", byte[], byte[]).SetDifference.popFront()
12320626     1031897     1031897           0     pure nothrow @safe bool std.functional.binaryFun!("a < b").binaryFun!(byte, byte).binaryFun(byte, byte)
2864460     1534430      748728           0     bool std.algorithm.startsWith!("a == b", byte[], byte).startsWith(byte[], byte)
1145784     2522796      597126           0     int std.algorithm.countUntil!("a == b", byte[], byte).countUntil(byte[], byte)
 787790      860512      439243           0     _D6Master10ıUtil23ValidSubstituÙonStream6doInitMFxG4gÛxAâZv107__TéallPassFunS80€ÆÙ__lambda20TbVk1êZ€ŒèMFNaNfxG10bZb
 305040     1150517      427984           1     _D3std9algorithm78__T8isSortedS593std10functional31__T9binaryFunVAyaa5_61203c2062Z9binaryFunTAgZ2ECFE50D39EB1617AF1277570B7C4278
4859374      423266      423266           0     ø:&
4859374      421269      421269           0     void Master.MasterUtil.ValidSubstitutionStream.doInit(const(byte[4]), const(byte[4]), const(byte[4][])).pure nothrow @safe const(bool) __lambda20!(const(bool)).__lambda20(const(bool))
1733158      282696      282696           0     pure @safe void Master.MasterUtil.fill!(bool, 10u, bool).fill(ref bool[10], const(bool))
2864460      280804      280804           0     pure nothrow @safe bool std.functional.binaryFun!("a == b").binaryFun!(byte, byte).binaryFun(byte, byte)
 157558    31777100      275844           1     bool Master.MasterUtil.findTransform(const(byte[4]), const(byte[4]), const(byte[4][]))
 157558    25619327      204595           1     void Master.MasterUtil.ValidSubstitutionStream.doInit(const(byte[4]), const(byte[4]), const(byte[4][]))
 915120      218827      142920           0     bool std.algorithm.__T8isSortedS593std10functional31__T9binaryFunVAyaa5_61203c2062Z9binaryFunTAgZ.isSorted(byte[]).bool pred(byte, byte)
 157560      388914      130619           0     pure @safe void Master.MasterUtil.fill!(bool[10], 10u, bool).fill(ref bool[10][10], const(bool))
 286446     2643122      120325           0     byte[4] Master.MasterUtil.getPermMap(const(byte[4]), const(byte[4]))
 610080     3567353      104050           0     _D3std9algorithm42__T13setDifferenceVAyaa5_61203cÙ62TAgÒZ€§FAg€ƒ•S€•ĞS€¦Ğ€§
 610080     3463303       95416           0     _D3std9algorithm42__T13SetDifferenceVAyaa5_61203cÙ62TAgÒZ€§6__ctorMFAg€ƒS€ÉØ
 562814       84558       84558           0     byte[4] Master.MasterUtil.applyPermutation(const(byte[4]), const(byte[4]))
 562814       81419       81419           0     byte[4] Master.MasterUtil.applySubstitution(byte[4], byte[10])
 305040     1238766       63534           0     bool std.algorithm.__T8isSortedS593std10functional31__T9binaryFunVAyaa5_61203c2062Z9binaryFunTAgZ.isSorted(byte[])
 423882     2933211       62955           0     void Master.MasterUtil.ValidSubstitutionStream.popFront()
 152520      105194       60227           0     _D3std9algorithm94__T23optimisácInserùonSoñS59€„¯10func€„•al31€ƒ±9binaryFunVAyaa5_61203cÙ62Z€ŠœTAgZ€™ÛF€ƒv
 152520      838988       45140           0     _D3std9algorithm60__T4sortVAyaa5_61203cÙ62VE€«12SwapStrategy0TAgZ€…¹F€ƒ‰S€„«5range37€ƒÒ11S€ƒšedR€„’€ƒª€‘İZ€¢
 157558    28336352       39595           0     Master.MasterUtil.ValidSubstitutionStream Master.MasterUtil.validSubstitutionStream(const(byte[4]), const(byte[4]), const(byte[4][]))
 157558    28296756       36966           0     Master.MasterUtil.ValidSubstitutionStream Master.MasterUtil.ValidSubstitutionStream.__ctor(const(byte[4]), const(byte[4]), const(byte[4][]))
 423882       34443       34443           0     @property bool Master.MasterUtil.ValidSubstitutionStream.empty()
 157558       30297       30297           0     pure @safe void Master.MasterUtil.fill!(byte, 10u, byte).fill(ref byte[10], const(byte))
      4    31819430       29894        7473     byte[4][] Master.MasterUtil.computeRepresentativeGuesses(const(byte[4][]))
 286446       28610       28610           0     @property byte[10] Master.MasterUtil.ValidSubstitutionStream.front()
 152520      131668       26473           0     _D3std9algorithm109__T8sortImplS59€„ 10functional31€ƒ¡9binaryFunVAyaa5_61203cÙ62Z€‹œE€İ2SwapStrategy0TAgZ€‰êF€ƒv
 152520       37978       25050           0     _D3std5range38__T12assumeSortedVAyaa5_61203cÙ62TAgZ€£F€ƒ’S€‹Å7€„Å1€†œR€„’€ƒ³€‘ÇZ€¢
 152520       12927       12927           0     _D3std5range37__T11SortedR€„’TAgVAyaa5_61203cÙ62Z€¢6__ctorMFAgZS€¾Ë
  20160        9059        5937           0     void Master.MasterUtil.AllGuessesGenerator.popFront()
  26708        3121        3121           0     byte Master.MasterUtil.AllGuessesGenerator.getFirstAvailDigPast(const(byte))
  20160        1923        1923           0     @property byte[4] Master.MasterUtil.AllGuessesGenerator.front()
  20164        1810        1810           0     @property bool Master.MasterUtil.AllGuessesGenerator.empty()
      2         115          49          24     void Master.MasterUtil.d!(immutable(char)[], uint).d(immutable(char)[], uint)
      6          37          37           6     void std.stdio.File.LockingTextWriter.put!(immutable(char)[]).put(immutable(char)[])
      1    15996915          28          28     __Dmain
      2          66          26          13     void std.stdio.File.write!(immutable(char)[], uint, char).write(immutable(char)[], uint, char)
      4          22          18           4     std.array.Appender!(immutable(char)[]).Appender std.array.Appender!(immutable(char)[]).Appender.__ctor(immutable(char)[])
      2          21          15           7     std.array.Appender!(char[]).Appender std.array.Appender!(char[]).Appender.__ctor(char[])
      2    15822747          10           5     void Master.MasterUtil.__unittest26()
     16          13           9           0     void std.format.FormatSpec!(char).FormatSpec.fillUp()
      1          42           9           9     void std.format.FormatSpec!(char).FormatSpec.__unittest1932()
      2          76           8           4     void Master.MasterUtil.d!(immutable(char)[], uint, immutable(char)[], double).d(immutable(char)[], uint, immutable(char)[], double)
     28          21           7           0     void std.range.put!(std.array.Appender!(char[]).Appender, const(char)[]).put(ref std.array.Appender!(char[]).Appender, const(char)[])
      2          47           7           3     ======== Timer Is 1688623 Ticks/Sec, Times are in Microsecs ====
      7          21           7           1     _D3std6format18__T10F€…SpecTaZ€Œ62€„ 7writeUpToNex€†§S€„Å5array16€ƒ¤8AppenderTAaZ€‰Z€“»MF€§¼b
      1    15823314           6           6     __D6Master10MasterUtil9__modtestFZv
     28           7           6           0     void std.array.Appender!(char[]).Appender.ensureAddable(uint)
     28          14           6           0     void std.array.Appender!(char[]).Appender.put!(const(char)[]).put(const(char)[])
      2           8           6           3     void Master.MasterUtil.__unittest5()
      2          24           5           2     const(immutable(char)[] function()) std.format.FormatSpec!(char).FormatSpec.getCurFmtStr
      1         140           5           5     __D6Master4Main9__modtestFZv
      2           7           5           2     void Master.MasterUtil.__unittest4()
      1          14           5           5     _D3std6format57__T11€†ValueTS€„Ÿ5Úio4File17LockingTextWriterTdTaZ€¶F€£¶dK€…¥€‡ú18€„ú0F€…Spec€„Ó€‹Zv
      2           5           5           2     pure nothrow @property uint object.capacity!(char).capacity(char[])
      2           4           4           2     bool object._ArrayEq!(bool[10], bool[])._ArrayEq(bool[10][], bool[][])
      4           3           3           0     pure nothrow @property uint object.capacity!(immutable(char)).capacity(immutable(char)[])
      2          91           3           1     void Master.MasterUtil.__unittest23()
      1          82           3           3     void Master.MasterUtil.__unittest24()
      8           4           3           0     void std.array.Appender!(immutable(char)[]).Appender.ensureAddable(uint)
      2          11           2           1     immutable(char)[] std.algorithm.find!("a == b", immutable(char)[], char).find(immutable(char)[], char)
     48           2           2           0     pure nothrow @property @safe bool std.array.empty!(char).empty(const(char[]))
     18           4           2           0     @property dchar std.array.front!(immutable(char)[]).front(immutable(char)[])
      2           2           2           1     _D3std6format18__T10F€…SpecTaZ€Œ59€„ 7writeUpToNex€†§S€„Å5Úio4File17LockingT€ƒ¢W€„¯rZ€“¸MF€¤¹b
      1           4           2           2     _D3std6format64__T14€†IntegralTS€„¢5array17€ƒ¡8AppenderTAyaZ€ŠlTaZ€½F€§½xlK€…ª‡‰18„‰0F€…Spec€„Û€‹mZv
      2         182           2           1     void Master.MasterUtil.__unittest15()
     18           1           1           0     pure nothrow @safe bool std.functional.binaryFun!("a == b").binaryFun!(dchar, char).binaryFun(dchar, char)
     18           1           1           0     pure @trusted dchar std.utf.decode!(immutable(char)[]).decode(const(immutable(char)[]), ref uint)
      2         180           1           0     void Master.MasterUtil.__unittest16()
     16           1           1           0     pure nothrow @trusted void std.array.popFront!(immutable(char)[]).popFront(ref immutable(char)[])
      1          18           1           1     _D3std6format60__T14€†tedWriéTS€„¢5Úio4File17LockingText€…£rTaTdZ€¹F€£¹xAadZk
      1          44           1           1     void std.format.FormatSpec!(char).FormatSpec.__unittest1933()
      4           1           1           0     pure nothrow @trusted void std.array.popFront!(const(char)[]).popFront(ref const(char)[])
      6          39           1           0     void std.range.put!(std.stdio.File.LockingTextWriter, immutable(char)[]).put(ref std.stdio.File.LockingTextWriter, immutable(char)[])
      4           2           1           0     void std.conv.toTextRange!(uint, std.stdio.File.LockingTextWriter).toTextRange(uint, std.stdio.File.LockingTextWriter)
      1           1           1           1     ======== Timer Is 1688623 Ticks/Sec, T
      1           3           1           1     void Master.MasterUtil.__unittest6()
      2           1           1           0     void Master.MasterUtil.__unittest22()
     12           1           1           0     std.array.Appender!(char[]).Appender.datainout(@property inout(char)[] function())
      2           1           1           0     uint std.array.Appender!(char[]).Appender.newCapacity(uint)
      4           1           1           0     pure @safe bool std.exception.enforce!(bool).enforce(bool, lazy const(char)[], immutable(char)[], uint)
      2           1           1           0     pure @safe void Master.MasterUtil.fill!(bool, 1u, bool).fill(ref bool[1], const(bool))
      2           1           1           0     pure @safe void Master.MasterUtil.permute!(int[1], int, 1u).doPermute(const(int[1]), bool[1], const(uint), int[1], ref int[1][1], ref uint)
      2           1           1           0     pure @safe void Master.MasterUtil.fill!(float[2], 1u, double).fill(ref float[2][1], const(double))
      4           1           1           0     void std.range.put!(std.stdio.File.LockingTextWriter, char[]).put(ref std.stdio.File.LockingTextWriter, char[])
      6           1           1           0     pure @trusted dchar std.utf.decode!(const(char)[]).decode(const(char[]), ref uint)
      2           1           1           0     uint std.array.Appender!(immutable(char)[]).Appender.newCapacity(uint)
      6           1           1           0     const(pure nothrow @property @safe bool function()) std.format.FormatSpec!(char).FormatSpec.flPlus
      1           1           1           1     _D3std6format62__T14€†UnsignedTS€„¢5array17€ƒ¡8AppenderTAyaZ€ŠaZ€»F€§»mK€…©‡†18„†0F€…Spec€„Ú€‹kbZv
      2           1           1           0     bool object._ArrayEq!(float[2], float[])._ArrayEq(float[2][], float[][])
      2           1           1           0     bool object._ArrayEq!(byte, int)._ArrayEq(byte[], int[])
      2          68           1           0     void std.stdio.File.write!(immutable(char)[], uint, immutable(char)[], double, char).write(immutable(char)[], uint, immutable(char)[], double, char)
      4           1           1           0     const(pure nothrow @property @safe bool function()) std.format.FormatSpec!(char).FormatSpec.flHash
      2           0           0           0     void Master.MasterUtil.__unittest17()
      2           2           0           0     pure @safe int[1][1] Master.MasterUtil.permute!(int[1], int, 1u).permute(const(int[1]))
      6           0           0           0     const(pure nothrow @property @safe bool function()) std.format.FormatSpec!(char).FormatSpec.flZero
      2           0           0           0     void std.array.Appender!(immutable(char)[]).Appender.put!(const(char)).put(const(char))
      2           1           0           0     bool object._ArrayEq!(byte[4], int[])._ArrayEq(byte[4][], int[][])
      1           0           0           0     void Master.MasterUtil.AllGuessesGenerator.__unittest25()
      2           0           0           0     bool object._ArrayEq!(int[1], int[])._ArrayEq(int[1][], int[][])
     14           0           0           0     std.format.FormatSpec!(char).FormatSpec std.format.FormatSpec!(char).FormatSpec.__ctor(const(char[]))
      4           4           0           0     void std.array.Appender!(immutable(char)[]).Appender.put!(char).put(char)
      4           0           0           0     void std.range.put!(std.stdio.File.LockingTextWriter, char).put(ref std.stdio.File.LockingTextWriter, char)
      2           0           0           0     pure @safe void Master.MasterUtil.fill!(int, 3u, int).fill(ref int[3], const(int))
      6           0           0           0     const(pure nothrow @property @safe bool function()) std.format.FormatSpec!(char).FormatSpec.flSpace
      1           7           0           0     _D3std6format18__T10F€…SpecTaZ€Œ63€„ 7writeUpToNex€†§S€„Å5array17€ƒ¤8AppenderTAyaZ€‰Z€“¼MF€¨½b
      2           0           0           0     void std.stdio.File.LockingTextWriter.put!(immutable(char)).put(immutable(char))
      2           0           0           0     void std.range.put!(std.stdio.File.LockingTextWriter, const(char)[]).put(ref std.stdio.File.LockingTextWriter, const(char)[])
      4          23           0           0     std.array.Appender!(immutable(char)[]).Appender std.array.appender!(immutable(char)[], immutable(char)).appender(immutable(char)[])
      4           4           0           0     void std.range.put!(std.array.Appender!(immutable(char)[]).Appender, char).put(ref std.array.Appender!(immutable(char)[]).Appender, char)
      6           1           0           0     @property dchar std.array.front!(const(char)[]).front(const(char)[])
      2           4           0           0     int std.conv.parse!(int, const(char)[]).parse(ref const(char)[])
      2           1           0           0     void std.range.put!(std.array.Appender!(immutable(char)[]).Appender, const(char)).put(ref std.array.Appender!(immutable(char)[]).Appender, const(char))
      2          68           0           0     void std.stdio.writeln!(immutable(char)[], uint, immutable(char)[], double).writeln(immutable(char)[], uint, immutable(char)[], double)
      2           1           0           0     void std.range.put!(std.array.Appender!(immutable(char)[]).Appender, const(char)[]).put(ref std.array.Appender!(immutable(char)[]).Appender, const(char)[])
      4           0           0           0     pure @safe bool std.exception.enforceEx!(std.format.FormatException).enforceEx!(bool).enforceEx(bool, lazy immutable(char)[], immutable(char)[], uint)
      1           0           0           0     ======== Timer Is 1688623 Ticks/Sec, Times are in Microsecs ===
      1           0           0           0     void Master.MasterUtil.ValidSubstitutionStream.__unittest21()
      1           0           0           0     = Timer Is 1688623 Ticks/Sec, Times are in Microsecs ========
      1           0           0           0     ======== Timer Is 1688623 Ticks/Sec, Times are in Microsecs
      1           0           0           0     9&
      1           0           0           0     9&
      1           0           0           0     = Timer Is 1688623 Ticks/Sec, Times are in Microsecs ======
      2          21           0           0     std.array.Appender!(char[]).Appender std.array.appender!(char[], char).appender(char[])
      2           0           0           0     void std.array.Appender!(immutable(char)[]).Appender.put!(const(char)[]).put(const(char)[])
      6           0           0           0     void std.array.Appender!(char[]).Appender.clear()
      1           0           0           0     À9&
      4           0           0           0     void std.stdio.File.LockingTextWriter.put!(char[]).put(char[])
      1           0           0           0     ø:&
      2           0           0           0     std.array.Appender!(immutable(char)[]).Appender.datainout(@property immutable(char)[] function())
      1           0           0           0     ø:&
      1           0           0           0     ø:&
      1           0           0           0     ø:&
      1           0           0           0     ø:&
      2          66           0           0     void std.stdio.writeln!(immutable(char)[], uint).writeln(immutable(char)[], uint)
      1           0           0           0     ø:&
      1          14           0           0     _D3std6format59__T13€†GenericTS€„¡5Úio4File17LockingTextWriterTdTaZ€¸F€£¸PxvK€…§‡€18„€0F€…Spec€„×€‹Zv
     10           0           0           0     ø:&
      1           4           0           0     _D3std6format62__T11€†ValueTS€„Ÿ5array17€ƒ8AppenderTAyaZ€ŠxiTaZ€»F€§»xiK€…ª‡„18„„0F€…Spec€„Ø€‹Zv
      2           0           0           0     void std.stdio.File.LockingTextWriter.put!(const(char)[]).put(const(char)[])
      1           0           0           0     = Timer Is 1688623 Ticks/Sec, Times are in Microsecs ========
 610080           0           0           0     ø:&
      4           0           0           0     void std.stdio.File.LockingTextWriter.put!(char).put(char)
      6           0           0           0     const(pure nothrow @property @safe bool function()) std.format.FormatSpec!(char).FormatSpec.flDash
      2           1           0           0     void std.range.put!(std.array.Appender!(immutable(char)[]).Appender, char[]).put(ref std.array.Appender!(immutable(char)[]).Appender, char[])
      2           0           0           0     void std.range.put!(std.stdio.File.LockingTextWriter, immutable(char)).put(ref std.stdio.File.LockingTextWriter, immutable(char))
      1           0           0           0     = Timer Is 1688623 Ticks/Sec, Times ar
 610080           0           0           0     ø:&
      1           0           0           0     ======== Timer Is 1688623 Ticks/Sec, T
      1           0           0           0     void Master.MasterUtil.__unittest18()
      1           0           0           0     = Timer Is 1688623 Ticks/Sec, Times a
      1           0           0           0     = Timer Is 1688623 Ticks/Sec, Times ar
      2           0           0           0     void Master.MasterUtil.__unittest27()
      2           0           0           0     pure @safe void Master.MasterUtil.fill!(float, 2u, double).fill(ref float[2], const(double))
      1           0           0           0     ======== Timer Is 1688623 Ticks/Sec, 
 152520           0           0           0     ø:&
 787790           0           0           0     ø:&
 152520           0           0           0     ø:&
 152520           0           0           0     ø:&
      2           1           0           0     void std.array.Appender!(immutable(char)[]).Appender.put!(char[]).put(char[])
 152520           0           0           0     ø:&
      2           0           0           0     pure @safe uint std.exception.enforceEx!(std.format.FormatException).enforceEx!(uint).enforceEx(uint, lazy immutable(char)[], immutable(char)[], uint)
 152520           0           0           0     ø:&
